"../../../Engine/Content/Functions/Engine_MaterialFunctions01/Shading/PowerToRoughness.uasset" 0
"../../../Engine/Content/Functions/Engine_MaterialFunctions01/Shading/PowerToRoughness.uexp" 1
"../../../Engine/Content/Functions/Engine_MaterialFunctions01/Shading/ConvertFromDiffSpec.uasset" 2
"../../../Engine/Content/Functions/Engine_MaterialFunctions01/Shading/ConvertFromDiffSpec.uexp" 3
"../../../Engine/Content/EngineSounds/Master.uasset" 4
"../../../Engine/Content/EngineSounds/Master.uexp" 5
"../../../Engine/Content/EngineSky/T_Sky_Stars.ubulk" 6
"../../../Engine/Content/EngineSky/T_Sky_Stars.uasset" 7
"../../../Engine/Content/EngineSky/T_Sky_Stars.uexp" 8
"../../../Engine/Content/EngineSky/T_Sky_Clouds_M.ubulk" 9
"../../../Engine/Content/EngineSky/T_Sky_Clouds_M.uasset" 10
"../../../Engine/Content/EngineSky/T_Sky_Clouds_M.uexp" 11
"../../../Engine/Content/EngineSky/T_Sky_Blue.ubulk" 12
"../../../Engine/Content/EngineSky/T_Sky_Blue.uasset" 13
"../../../Engine/Content/EngineSky/T_Sky_Blue.uexp" 14
"../../../Engine/Content/EngineSky/M_Sky_Panning_Clouds2.uasset" 15
"../../../Engine/Content/EngineSky/M_Sky_Panning_Clouds2.uexp" 16
"../../../Engine/Content/EngineSky/SM_SkySphere.ubulk" 17
"../../../Engine/Content/EngineSky/SM_SkySphere.uasset" 18
"../../../Engine/Content/EngineSky/SM_SkySphere.uexp" 19
"../../../Engine/Content/EngineSky/M_SimpleSkyDome.uasset" 20
"../../../Engine/Content/EngineSky/M_SimpleSkyDome.uexp" 21
"../../../Engine/Content/EngineSky/VolumetricClouds/CloudWeatherTexture.uasset" 22
"../../../Engine/Content/EngineSky/VolumetricClouds/CloudWeatherTexture.uexp" 23
"../../../Engine/Content/Functions/Engine_MaterialFunctions02/Utility/MakeFloat2.uasset" 24
"../../../Engine/Content/Functions/Engine_MaterialFunctions02/Utility/MakeFloat2.uexp" 25
"../../../Engine/Content/EngineSky/VolumetricClouds/CloudGradientTexture.uasset" 26
"../../../Engine/Content/EngineSky/VolumetricClouds/CloudGradientTexture.uexp" 27
"../../../Engine/Content/EngineSky/VolumetricClouds/T_NoiseShape64.ubulk" 28
"../../../Engine/Content/EngineSky/VolumetricClouds/T_NoiseShape64.uasset" 29
"../../../Engine/Content/EngineSky/VolumetricClouds/T_NoiseShape64.uexp" 30
"../../../Engine/Content/EngineSky/VolumetricClouds/T_VolumeNoiseShape64.uasset" 31
"../../../Engine/Content/EngineSky/VolumetricClouds/T_VolumeNoiseShape64.uexp" 32
"../../../Engine/Content/EngineSky/VolumetricClouds/T_NoiseErosion.ubulk" 33
"../../../Engine/Content/EngineSky/VolumetricClouds/T_NoiseErosion.uasset" 34
"../../../Engine/Content/EngineSky/VolumetricClouds/T_NoiseErosion.uexp" 35
"../../../Engine/Content/EngineSky/VolumetricClouds/T_VolumeNoiseErosion32.uasset" 36
"../../../Engine/Content/EngineSky/VolumetricClouds/T_VolumeNoiseErosion32.uexp" 37
"../../../Engine/Content/EngineSky/VolumetricClouds/m_SimpleVolumetricCloud.uasset" 38
"../../../Engine/Content/EngineSky/VolumetricClouds/m_SimpleVolumetricCloud.uexp" 39
"../../../Engine/Content/EngineSky/VolumetricClouds/m_SimpleVolumetricCloud_Inst.uasset" 40
"../../../Engine/Content/EngineSky/VolumetricClouds/m_SimpleVolumetricCloud_Inst.uexp" 41
"../../../Engine/Content/EngineResources/GradientTexture0.uasset" 42
"../../../Engine/Content/EngineResources/GradientTexture0.uexp" 43
"../../../Engine/Content/EngineResources/DefaultVolumeTexture2D.uasset" 44
"../../../Engine/Content/EngineResources/DefaultVolumeTexture2D.uexp" 45
"../../../Engine/Content/EngineResources/DefaultVolumeTexture.uasset" 46
"../../../Engine/Content/EngineResources/DefaultVolumeTexture.uexp" 47
"../../../Engine/Content/EngineResources/DefaultTextureCube.uasset" 48
"../../../Engine/Content/EngineResources/DefaultTextureCube.uexp" 49
"../../../Engine/Content/EngineResources/DefaultTexture.ubulk" 50
"../../../Engine/Content/EngineResources/DefaultTexture.uasset" 51
"../../../Engine/Content/EngineResources/DefaultTexture.uexp" 52
"../../../Engine/Content/EngineResources/Black.uasset" 53
"../../../Engine/Content/EngineResources/Black.uexp" 54
"../../../Engine/Content/EngineResources/FilmGrains/Marcie_Grain_v3_128_M2_000.uasset" 55
"../../../Engine/Content/EngineResources/FilmGrains/Marcie_Grain_v3_128_M2_000.uexp" 56
"../../../Engine/Content/EngineMeshes/Sphere.ubulk" 57
"../../../Engine/Content/EngineMeshes/Sphere.uasset" 58
"../../../Engine/Content/EngineMeshes/Sphere.uexp" 59
"../../../Engine/Content/EngineResources/WhiteSquareTexture.uasset" 60
"../../../Engine/Content/EngineResources/WhiteSquareTexture.uexp" 61
"../../../Engine/Content/EngineMaterials/Widget3DPassThrough.uasset" 62
"../../../Engine/Content/EngineMaterials/Widget3DPassThrough.uexp" 63
"../../../Engine/Content/EngineMaterials/Widget3DPassThrough_Translucent.uasset" 64
"../../../Engine/Content/EngineMaterials/Widget3DPassThrough_Translucent.uexp" 65
"../../../Engine/Content/EngineMaterials/Widget3DPassThrough_Translucent_OneSided.uasset" 66
"../../../Engine/Content/EngineMaterials/Widget3DPassThrough_Translucent_OneSided.uexp" 67
"../../../Engine/Content/EngineMaterials/Widget3DPassThrough_Opaque.uasset" 68
"../../../Engine/Content/EngineMaterials/Widget3DPassThrough_Opaque.uexp" 69
"../../../Engine/Content/EngineMaterials/Widget3DPassThrough_Opaque_OneSided.uasset" 70
"../../../Engine/Content/EngineMaterials/Widget3DPassThrough_Opaque_OneSided.uexp" 71
"../../../Engine/Content/EngineMaterials/Widget3DPassThrough_Masked_OneSided.uasset" 72
"../../../Engine/Content/EngineMaterials/Widget3DPassThrough_Masked_OneSided.uexp" 73
"../../../Engine/Content/EngineMaterials/Widget3DPassThrough_Masked.uasset" 74
"../../../Engine/Content/EngineMaterials/Widget3DPassThrough_Masked.uexp" 75
"../../../Engine/Content/EngineMaterials/WeightMapPlaceholderTexture.uasset" 76
"../../../Engine/Content/EngineMaterials/WeightMapPlaceholderTexture.uexp" 77
"../../../Engine/Content/EngineMaterials/RemoveSurfaceMaterial.uasset" 78
"../../../Engine/Content/EngineMaterials/RemoveSurfaceMaterial.uexp" 79
"../../../Engine/Content/EngineMaterials/PreintegratedSkinBRDF.uasset" 80
"../../../Engine/Content/EngineMaterials/PreintegratedSkinBRDF.uexp" 81
"../../../Engine/Content/EngineMaterials/DefaultCalibrationGrayscale.uasset" 82
"../../../Engine/Content/EngineMaterials/DefaultCalibrationGrayscale.uexp" 83
"../../../Engine/Content/EngineMaterials/PPM_DefaultCalibrationGrayscale.uasset" 84
"../../../Engine/Content/EngineMaterials/PPM_DefaultCalibrationGrayscale.uexp" 85
"../../../Engine/Content/EngineMaterials/DefaultCalibrationColor.uasset" 86
"../../../Engine/Content/EngineMaterials/DefaultCalibrationColor.uexp" 87
"../../../Engine/Content/EngineMaterials/PPM_DefaultCalibrationColor.uasset" 88
"../../../Engine/Content/EngineMaterials/PPM_DefaultCalibrationColor.uexp" 89
"../../../Engine/Content/Functions/Engine_MaterialFunctions02/WorldPositionOffset/CameraOffset.uasset" 90
"../../../Engine/Content/Functions/Engine_MaterialFunctions02/WorldPositionOffset/CameraOffset.uexp" 91
"../../../Engine/Content/EngineMaterials/PhAT_JointLimitMaterial.uasset" 92
"../../../Engine/Content/EngineMaterials/PhAT_JointLimitMaterial.uexp" 93
"../../../Engine/Content/EngineMaterials/InvalidLightmapSettings.ubulk" 94
"../../../Engine/Content/EngineMaterials/InvalidLightmapSettings.uasset" 95
"../../../Engine/Content/EngineMaterials/InvalidLightmapSettings.uexp" 96
"../../../Engine/Content/EngineMaterials/M_InvalidLightmapSettings.uasset" 97
"../../../Engine/Content/EngineMaterials/M_InvalidLightmapSettings.uexp" 98
"../../../Engine/Content/EngineMaterials/MiniFont.uasset" 99
"../../../Engine/Content/EngineMaterials/MiniFont.uexp" 100
"../../../Engine/Content/EngineMaterials/Good64x64TilingNoiseHighFreq.uasset" 101
"../../../Engine/Content/EngineMaterials/Good64x64TilingNoiseHighFreq.uexp" 102
"../../../Engine/Content/EngineMaterials/GizmoMaterial.uasset" 103
"../../../Engine/Content/EngineMaterials/GizmoMaterial.uexp" 104
"../../../Engine/Content/EngineMaterials/BaseFlattenEmissiveMap_VT.uasset" 105
"../../../Engine/Content/EngineMaterials/BaseFlattenEmissiveMap_VT.uexp" 106
"../../../Engine/Content/EngineMaterials/BaseFlattenGrayscaleMap_VT.uasset" 107
"../../../Engine/Content/EngineMaterials/BaseFlattenGrayscaleMap_VT.uexp" 108
"../../../Engine/Content/EngineMaterials/BaseFlattenLinearColor_VT.uasset" 109
"../../../Engine/Content/EngineMaterials/BaseFlattenLinearColor_VT.uexp" 110
"../../../Engine/Content/EngineMaterials/Black_1x1_EXR_Texture_VT.uasset" 111
"../../../Engine/Content/EngineMaterials/Black_1x1_EXR_Texture_VT.uexp" 112
"../../../Engine/Content/EngineMaterials/BaseFlattenDiffuseMap_VT.uasset" 113
"../../../Engine/Content/EngineMaterials/BaseFlattenDiffuseMap_VT.uexp" 114
"../../../Engine/Content/EngineMaterials/BaseFlattenNormalMap_VT.uasset" 115
"../../../Engine/Content/EngineMaterials/BaseFlattenNormalMap_VT.uexp" 116
"../../../Engine/Content/EngineMaterials/FlattenMaterial_WS_Normal_VT.uasset" 117
"../../../Engine/Content/EngineMaterials/FlattenMaterial_WS_Normal_VT.uexp" 118
"../../../Engine/Content/EngineMaterials/FlattenMaterial_VT.uasset" 119
"../../../Engine/Content/EngineMaterials/FlattenMaterial_VT.uexp" 120
"../../../Engine/Content/EngineMaterials/BaseFlattenNormalMap.uasset" 121
"../../../Engine/Content/EngineMaterials/BaseFlattenNormalMap.uexp" 122
"../../../Engine/Content/EngineMaterials/BaseFlattenGrayscaleMap.uasset" 123
"../../../Engine/Content/EngineMaterials/BaseFlattenGrayscaleMap.uexp" 124
"../../../Engine/Content/EngineMaterials/BaseFlattenDiffuseMap.uasset" 125
"../../../Engine/Content/EngineMaterials/BaseFlattenDiffuseMap.uexp" 126
"../../../Engine/Content/Functions/Engine_MaterialFunctions02/PivotPainter2/Black_1x1_EXR_Texture.uasset" 127
"../../../Engine/Content/Functions/Engine_MaterialFunctions02/PivotPainter2/Black_1x1_EXR_Texture.uexp" 128
"../../../Engine/Content/EngineMaterials/BaseFlattenEmissiveMap.uasset" 129
"../../../Engine/Content/EngineMaterials/BaseFlattenEmissiveMap.uexp" 130
"../../../Engine/Content/EngineMaterials/BaseFlattenLinearColor.uasset" 131
"../../../Engine/Content/EngineMaterials/BaseFlattenLinearColor.uexp" 132
"../../../Engine/Content/EngineMaterials/FlattenMaterial.uasset" 133
"../../../Engine/Content/EngineMaterials/FlattenMaterial.uexp" 134
"../../../Engine/Content/EngineMaterials/DefaultWhiteGrid_Low.uasset" 135
"../../../Engine/Content/EngineMaterials/DefaultWhiteGrid_Low.uexp" 136
"../../../Engine/Content/EngineMaterials/EmissiveMeshMaterial.uasset" 137
"../../../Engine/Content/EngineMaterials/EmissiveMeshMaterial.uexp" 138
"../../../Engine/Content/EngineMaterials/DefaultWhiteGrid.ubulk" 139
"../../../Engine/Content/EngineMaterials/DefaultWhiteGrid.uasset" 140
"../../../Engine/Content/EngineMaterials/DefaultWhiteGrid.uexp" 141
"../../../Engine/Content/EngineFonts/RobotoDistanceField.uasset" 142
"../../../Engine/Content/EngineFonts/RobotoDistanceField.uexp" 143
"../../../Engine/Content/EngineMaterials/DefaultTextMaterialOpaque.uasset" 144
"../../../Engine/Content/EngineMaterials/DefaultTextMaterialOpaque.uexp" 145
"../../../Engine/Content/EngineMaterials/DefaultDiffuse.ubulk" 146
"../../../Engine/Content/EngineMaterials/DefaultDiffuse.uasset" 147
"../../../Engine/Content/EngineMaterials/DefaultDiffuse.uexp" 148
"../../../Engine/Content/Functions/Engine_MaterialFunctions02/Utility/BreakOutFloat2Components.uasset" 149
"../../../Engine/Content/Functions/Engine_MaterialFunctions02/Utility/BreakOutFloat2Components.uexp" 150
"../../../Engine/Content/EngineMaterials/DefaultPostProcessMaterial.uasset" 151
"../../../Engine/Content/EngineMaterials/DefaultPostProcessMaterial.uexp" 152
"../../../Engine/Content/EngineMaterials/DefaultPhysicalMaterial.uasset" 153
"../../../Engine/Content/EngineMaterials/DefaultPhysicalMaterial.uexp" 154
"../../../Engine/Content/EngineMaterials/DefaultLightFunctionMaterial.uasset" 155
"../../../Engine/Content/EngineMaterials/DefaultLightFunctionMaterial.uexp" 156
"../../../Engine/Content/EngineMaterials/DefaultDestructiblePhysicalMaterial.uasset" 157
"../../../Engine/Content/EngineMaterials/DefaultDestructiblePhysicalMaterial.uexp" 158
"../../../Engine/Content/EngineMaterials/DefaultDeferredDecalMaterial.uasset" 159
"../../../Engine/Content/EngineMaterials/DefaultDeferredDecalMaterial.uexp" 160
"../../../Engine/Content/EngineMaterials/DefaultBokeh.uasset" 161
"../../../Engine/Content/EngineMaterials/DefaultBokeh.uexp" 162
"../../../Engine/Content/EngineMaterials/DefaultBloomKernel.uasset" 163
"../../../Engine/Content/EngineMaterials/DefaultBloomKernel.uexp" 164
"../../../Engine/Content/EngineMaterials/BlueNoise.uasset" 165
"../../../Engine/Content/EngineMaterials/BlueNoise.uexp" 166
"../../../Engine/Content/EngineFonts/Faces/RobotoLight.uexp" 167
"../../../Engine/Content/EngineFonts/Faces/RobotoLight.uasset" 168
"../../../Engine/Content/EngineFonts/Faces/RobotoLight.ufont" 169
"../../../Engine/Content/EngineFonts/Faces/RobotoBold.uexp" 170
"../../../Engine/Content/EngineFonts/Faces/RobotoBold.uasset" 171
"../../../Engine/Content/EngineFonts/Faces/RobotoBold.ufont" 172
"../../../Engine/Content/EngineFonts/Faces/RobotoRegular.uexp" 173
"../../../Engine/Content/EngineFonts/Faces/RobotoRegular.uasset" 174
"../../../Engine/Content/EngineFonts/Faces/RobotoRegular.ufont" 175
"../../../Engine/Content/EngineFonts/Faces/DroidSansFallback.uexp" 176
"../../../Engine/Content/EngineFonts/Faces/DroidSansFallback.uasset" 177
"../../../Engine/Content/EngineFonts/Faces/DroidSansFallback.ufont" 178
"../../../Engine/Content/EngineFonts/Faces/RobotoItalic.uexp" 179
"../../../Engine/Content/EngineFonts/Faces/RobotoItalic.uasset" 180
"../../../Engine/Content/EngineFonts/Faces/RobotoItalic.ufont" 181
"../../../Engine/Content/EngineFonts/Faces/RobotoBoldItalic.uexp" 182
"../../../Engine/Content/EngineFonts/Faces/RobotoBoldItalic.uasset" 183
"../../../Engine/Content/EngineFonts/Faces/RobotoBoldItalic.ufont" 184
"../../../Engine/Content/EngineFonts/Roboto.uasset" 185
"../../../Engine/Content/EngineFonts/Roboto.uexp" 186
"../../../Engine/Content/Functions/Engine_MaterialFunctions02/Utility/CameraDirectionVector.uasset" 187
"../../../Engine/Content/Functions/Engine_MaterialFunctions02/Utility/CameraDirectionVector.uexp" 188
"../../../Engine/Content/EngineDebugMaterials/VolumeToRender.uasset" 189
"../../../Engine/Content/EngineDebugMaterials/VolumeToRender.uexp" 190
"../../../Engine/Content/EngineDebugMaterials/M_VolumeRenderSphereTracePP.uasset" 191
"../../../Engine/Content/EngineDebugMaterials/M_VolumeRenderSphereTracePP.uexp" 192
"../../../Engine/Content/EngineDebugMaterials/M_SimpleUnlitTranslucent.uasset" 193
"../../../Engine/Content/EngineDebugMaterials/M_SimpleUnlitTranslucent.uexp" 194
"../../../Engine/Content/EngineDebugMaterials/DebugMeshMaterial.uasset" 195
"../../../Engine/Content/EngineDebugMaterials/DebugMeshMaterial.uexp" 196
"../../../Engine/Content/EngineDebugMaterials/DebugEditorMaterial.uasset" 197
"../../../Engine/Content/EngineDebugMaterials/DebugEditorMaterial.uexp" 198
"../../../Engine/Content/EngineDamageTypes/DmgTypeBP_Environmental.uasset" 199
"../../../Engine/Content/EngineDamageTypes/DmgTypeBP_Environmental.uexp" 200
"../../../Engine/Content/EditorResources/S_TriggerSphere.uasset" 201
"../../../Engine/Content/EditorResources/S_TriggerSphere.uexp" 202
"../../../Engine/Content/EditorResources/S_TriggerCapsule.uasset" 203
"../../../Engine/Content/EditorResources/S_TriggerCapsule.uexp" 204
"../../../Engine/Content/EditorResources/S_TriggerBox.uasset" 205
"../../../Engine/Content/EditorResources/S_TriggerBox.uexp" 206
"../../../Engine/Content/EditorResources/S_Trigger.ubulk" 207
"../../../Engine/Content/EditorResources/S_Trigger.uasset" 208
"../../../Engine/Content/EditorResources/S_Trigger.uexp" 209
"../../../Engine/Content/EditorResources/S_Terrain.ubulk" 210
"../../../Engine/Content/EditorResources/S_Terrain.uasset" 211
"../../../Engine/Content/EditorResources/S_Terrain.uexp" 212
"../../../Engine/Content/EditorResources/S_Solver.ubulk" 213
"../../../Engine/Content/EditorResources/S_Solver.uasset" 214
"../../../Engine/Content/EditorResources/S_Solver.uexp" 215
"../../../Engine/Content/EditorResources/S_BoxReflectionCapture.uasset" 216
"../../../Engine/Content/EditorResources/S_BoxReflectionCapture.uexp" 217
"../../../Engine/Content/EditorResources/S_Actor.ubulk" 218
"../../../Engine/Content/EditorResources/S_Actor.uasset" 219
"../../../Engine/Content/EditorResources/S_Actor.uexp" 220
"../../../Engine/Content/EditorResources/EmptyActor.uasset" 221
"../../../Engine/Content/EditorResources/EmptyActor.uexp" 222
"../../../Engine/Content/EditorResources/BSPVertex.uasset" 223
"../../../Engine/Content/EditorResources/BSPVertex.uexp" 224
"../../../Engine/Content/EditorResources/SequenceRecorder/RecordingIndicator.uasset" 225
"../../../Engine/Content/EditorResources/SequenceRecorder/RecordingIndicator.uexp" 226
"../../../Engine/Content/EditorResources/SequenceRecorder/Countdown.uasset" 227
"../../../Engine/Content/EditorResources/SequenceRecorder/Countdown.uexp" 228
"../../../Engine/Content/EditorMaterials/Camera/CineMat.uasset" 229
"../../../Engine/Content/EditorMaterials/Camera/CineMat.uexp" 230
"../../../Engine/Content/EditorMaterials/Camera/MI_CineMat_Rig.uasset" 231
"../../../Engine/Content/EditorMaterials/Camera/MI_CineMat_Rig.uexp" 232
"../../../Engine/Content/EditorMeshes/Camera/SM_RailRig_Track.ubulk" 233
"../../../Engine/Content/EditorMeshes/Camera/SM_RailRig_Track.uasset" 234
"../../../Engine/Content/EditorMeshes/Camera/SM_RailRig_Track.uexp" 235
"../../../Engine/Content/EditorMeshes/Camera/SM_RailRig_Mount.ubulk" 236
"../../../Engine/Content/EditorMeshes/Camera/SM_RailRig_Mount.uasset" 237
"../../../Engine/Content/EditorMeshes/Camera/SM_RailRig_Mount.uexp" 238
"../../../Engine/Content/EditorMeshes/Camera/SM_CraneRig_Mount.ubulk" 239
"../../../Engine/Content/EditorMeshes/Camera/SM_CraneRig_Mount.uasset" 240
"../../../Engine/Content/EditorMeshes/Camera/SM_CraneRig_Mount.uexp" 241
"../../../Engine/Content/EditorMeshes/Camera/SM_CraneRig_Body.ubulk" 242
"../../../Engine/Content/EditorMeshes/Camera/SM_CraneRig_Body.uasset" 243
"../../../Engine/Content/EditorMeshes/Camera/SM_CraneRig_Body.uexp" 244
"../../../Engine/Content/EditorMeshes/Camera/SM_CraneRig_Base.ubulk" 245
"../../../Engine/Content/EditorMeshes/Camera/SM_CraneRig_Base.uasset" 246
"../../../Engine/Content/EditorMeshes/Camera/SM_CraneRig_Base.uexp" 247
"../../../Engine/Content/EditorMeshes/Camera/SM_CraneRig_Arm.ubulk" 248
"../../../Engine/Content/EditorMeshes/Camera/SM_CraneRig_Arm.uasset" 249
"../../../Engine/Content/EditorMeshes/Camera/SM_CraneRig_Arm.uexp" 250
"../../../Engine/Content/EditorMaterials/PreviewShadowIndicator.ubulk" 251
"../../../Engine/Content/EditorMaterials/PreviewShadowIndicator.uasset" 252
"../../../Engine/Content/EditorMaterials/PreviewShadowIndicator.uexp" 253
"../../../Engine/Content/EditorMaterials/PreviewShadowIndicatorMaterial.uasset" 254
"../../../Engine/Content/EditorMaterials/PreviewShadowIndicatorMaterial.uexp" 255
"../../../Engine/Content/EditorMaterials/MAT_Groups_Visibility.uasset" 256
"../../../Engine/Content/EditorMaterials/MAT_Groups_Visibility.uexp" 257
"../../../Engine/Content/EditorMaterials/MAT_Groups_Toggle.uasset" 258
"../../../Engine/Content/EditorMaterials/MAT_Groups_Toggle.uexp" 259
"../../../Engine/Content/Functions/Engine_MaterialFunctions02/Utility/MakeFloat4.uasset" 260
"../../../Engine/Content/Functions/Engine_MaterialFunctions02/Utility/MakeFloat4.uexp" 261
"../../../Engine/Content/Functions/Engine_MaterialFunctions02/Utility/MakeFloat3.uasset" 262
"../../../Engine/Content/Functions/Engine_MaterialFunctions02/Utility/MakeFloat3.uexp" 263
"../../../Engine/Content/Functions/Engine_MaterialFunctions02/Utility/BreakOutFloat3Components.uasset" 264
"../../../Engine/Content/Functions/Engine_MaterialFunctions02/Utility/BreakOutFloat3Components.uexp" 265
"../../../Engine/Content/EditorMaterials/WorldPartition/WorldPartitionSpatialHashGridPreviewMaterial.uasset" 266
"../../../Engine/Content/EditorMaterials/WorldPartition/WorldPartitionSpatialHashGridPreviewMaterial.uexp" 267
"../../../Engine/Content/EditorMaterials/ParticleSystems/PSysThumbnail_OOD.ubulk" 268
"../../../Engine/Content/EditorMaterials/ParticleSystems/PSysThumbnail_OOD.uasset" 269
"../../../Engine/Content/EditorMaterials/ParticleSystems/PSysThumbnail_OOD.uexp" 270
"../../../Engine/Content/EditorMaterials/ParticleSystems/PSysThumbnail_NoImage.ubulk" 271
"../../../Engine/Content/EditorMaterials/ParticleSystems/PSysThumbnail_NoImage.uasset" 272
"../../../Engine/Content/EditorMaterials/ParticleSystems/PSysThumbnail_NoImage.uexp" 273
"../../../Engine/Content/EditorMaterials/MatineeGroups/MAT_Groups_Vector.uasset" 274
"../../../Engine/Content/EditorMaterials/MatineeGroups/MAT_Groups_Vector.uexp" 275
"../../../Engine/Content/EditorMaterials/MatineeGroups/MAT_Groups_Sound.uasset" 276
"../../../Engine/Content/EditorMaterials/MatineeGroups/MAT_Groups_Sound.uexp" 277
"../../../Engine/Content/EditorMaterials/MatineeGroups/MAT_Groups_Slomo.uasset" 278
"../../../Engine/Content/EditorMaterials/MatineeGroups/MAT_Groups_Slomo.uexp" 279
"../../../Engine/Content/EditorMaterials/MatineeGroups/MAT_Groups_Move.uasset" 280
"../../../Engine/Content/EditorMaterials/MatineeGroups/MAT_Groups_Move.uexp" 281
"../../../Engine/Content/EditorMaterials/MatineeGroups/MAT_Groups_Float.uasset" 282
"../../../Engine/Content/EditorMaterials/MatineeGroups/MAT_Groups_Float.uexp" 283
"../../../Engine/Content/EditorMaterials/MatineeGroups/MAT_Groups_Fade.uasset" 284
"../../../Engine/Content/EditorMaterials/MatineeGroups/MAT_Groups_Fade.uexp" 285
"../../../Engine/Content/EditorMaterials/MatineeGroups/MAT_Groups_Event.uasset" 286
"../../../Engine/Content/EditorMaterials/MatineeGroups/MAT_Groups_Event.uexp" 287
"../../../Engine/Content/EditorMaterials/MatineeGroups/MAT_Groups_Director.uasset" 288
"../../../Engine/Content/EditorMaterials/MatineeGroups/MAT_Groups_Director.uexp" 289
"../../../Engine/Content/EditorMaterials/MatineeGroups/MAT_Groups_AudioMaster.uasset" 290
"../../../Engine/Content/EditorMaterials/MatineeGroups/MAT_Groups_AudioMaster.uexp" 291
"../../../Engine/Content/EditorMaterials/MatineeGroups/MAT_Groups_Anim.uasset" 292
"../../../Engine/Content/EditorMaterials/MatineeGroups/MAT_Groups_Anim.uexp" 293
"../../../Engine/Content/EditorMaterials/MatineeGroups/MAT_ColorTrack.uasset" 294
"../../../Engine/Content/EditorMaterials/MatineeGroups/MAT_ColorTrack.uexp" 295
"../../../Engine/Content/EditorLandscapeResources/DefaultAlphaTexture.uasset" 296
"../../../Engine/Content/EditorLandscapeResources/DefaultAlphaTexture.uexp" 297
"../../../Engine/Content/EditorLandscapeResources/DataLayer.uasset" 298
"../../../Engine/Content/EditorLandscapeResources/DataLayer.uexp" 299
"../../../Engine/Content/EngineMaterials/T_Default_Material_Grid_M.ubulk" 300
"../../../Engine/Content/EngineMaterials/T_Default_Material_Grid_M.uasset" 301
"../../../Engine/Content/EngineMaterials/T_Default_Material_Grid_M.uexp" 302
"../../../Engine/Content/EngineMaterials/T_Default_Material_Grid_N.ubulk" 303
"../../../Engine/Content/EngineMaterials/T_Default_Material_Grid_N.uasset" 304
"../../../Engine/Content/EngineMaterials/T_Default_Material_Grid_N.uexp" 305
"../../../Engine/Content/Functions/Engine_MaterialFunctions01/Opacity/CameraDepthFade.uasset" 306
"../../../Engine/Content/Functions/Engine_MaterialFunctions01/Opacity/CameraDepthFade.uexp" 307
"../../../Engine/Content/EngineMaterials/DefaultMaterial.uasset" 308
"../../../Engine/Content/EngineMaterials/DefaultMaterial.uexp" 309
"../../../Engine/Content/BasicShapes/Sphere.ubulk" 310
"../../../Engine/Content/BasicShapes/Sphere.uasset" 311
"../../../Engine/Content/BasicShapes/Sphere.uexp" 312
"../../../Engine/Content/EngineMaterials/WorldGridMaterial.uasset" 313
"../../../Engine/Content/EngineMaterials/WorldGridMaterial.uexp" 314
"../../../Engine/Content/BasicShapes/Plane.ubulk" 315
"../../../Engine/Content/BasicShapes/Plane.uasset" 316
"../../../Engine/Content/BasicShapes/Plane.uexp" 317
"../../../Engine/Content/BasicShapes/Cylinder.ubulk" 318
"../../../Engine/Content/BasicShapes/Cylinder.uasset" 319
"../../../Engine/Content/BasicShapes/Cylinder.uexp" 320
"../../../Engine/Content/BasicShapes/Cube.ubulk" 321
"../../../Engine/Content/BasicShapes/Cube.uasset" 322
"../../../Engine/Content/BasicShapes/Cube.uexp" 323
"../../../Engine/Content/BasicShapes/Cone.ubulk" 324
"../../../Engine/Content/BasicShapes/Cone.uasset" 325
"../../../Engine/Content/BasicShapes/Cone.uexp" 326
"../../../Engine/Content/ArtTools/RenderToTexture/Meshes/S_1_Unit_Plane.ubulk" 327
"../../../Engine/Content/ArtTools/RenderToTexture/Meshes/S_1_Unit_Plane.uasset" 328
"../../../Engine/Content/ArtTools/RenderToTexture/Meshes/S_1_Unit_Plane.uexp" 329
"D:/UnrealProjects/Multiplayer_Plugin/Content/ThirdPerson/Maps/ThirdPersonMap_BuiltData.ubulk" 330
"D:/UnrealProjects/Multiplayer_Plugin/Content/ThirdPerson/Maps/ThirdPersonMap_BuiltData.uasset" 331
"D:/UnrealProjects/Multiplayer_Plugin/Content/ThirdPerson/Maps/ThirdPersonMap_BuiltData.uexp" 332
"D:/UnrealProjects/Multiplayer_Plugin/Content/LevelPrototyping/Textures/T_GridChecker_A.ubulk" 333
"D:/UnrealProjects/Multiplayer_Plugin/Content/LevelPrototyping/Textures/T_GridChecker_A.uasset" 334
"D:/UnrealProjects/Multiplayer_Plugin/Content/LevelPrototyping/Textures/T_GridChecker_A.uexp" 335
"../../../Engine/Content/Functions/Engine_MaterialFunctions01/Gradient/LinearGradient.uasset" 336
"../../../Engine/Content/Functions/Engine_MaterialFunctions01/Gradient/LinearGradient.uexp" 337
"../../../Engine/Content/Functions/Engine_MaterialFunctions01/ImageAdjustment/CheapContrast.uasset" 338
"../../../Engine/Content/Functions/Engine_MaterialFunctions01/ImageAdjustment/CheapContrast.uexp" 339
"D:/UnrealProjects/Multiplayer_Plugin/Content/LevelPrototyping/Materials/MF_ProcGrid.uasset" 340
"D:/UnrealProjects/Multiplayer_Plugin/Content/LevelPrototyping/Materials/MF_ProcGrid.uexp" 341
"D:/UnrealProjects/Multiplayer_Plugin/Content/LevelPrototyping/Materials/M_PrototypeGrid.uasset" 342
"D:/UnrealProjects/Multiplayer_Plugin/Content/LevelPrototyping/Materials/M_PrototypeGrid.uexp" 343
"D:/UnrealProjects/Multiplayer_Plugin/Content/LevelPrototyping/Materials/MI_PrototypeGrid_Gray.uasset" 344
"D:/UnrealProjects/Multiplayer_Plugin/Content/LevelPrototyping/Materials/MI_PrototypeGrid_Gray.uexp" 345
"D:/UnrealProjects/Multiplayer_Plugin/Content/LevelPrototyping/Meshes/SM_Ramp.ubulk" 346
"D:/UnrealProjects/Multiplayer_Plugin/Content/LevelPrototyping/Meshes/SM_Ramp.uasset" 347
"D:/UnrealProjects/Multiplayer_Plugin/Content/LevelPrototyping/Meshes/SM_Ramp.uexp" 348
"D:/UnrealProjects/Multiplayer_Plugin/Content/LevelPrototyping/Meshes/SM_QuarterCylinder.ubulk" 349
"D:/UnrealProjects/Multiplayer_Plugin/Content/LevelPrototyping/Meshes/SM_QuarterCylinder.uasset" 350
"D:/UnrealProjects/Multiplayer_Plugin/Content/LevelPrototyping/Meshes/SM_QuarterCylinder.uexp" 351
"D:/UnrealProjects/Multiplayer_Plugin/Content/LevelPrototyping/Meshes/SM_Cylinder.ubulk" 352
"D:/UnrealProjects/Multiplayer_Plugin/Content/LevelPrototyping/Meshes/SM_Cylinder.uasset" 353
"D:/UnrealProjects/Multiplayer_Plugin/Content/LevelPrototyping/Meshes/SM_Cylinder.uexp" 354
"D:/UnrealProjects/Multiplayer_Plugin/Content/LevelPrototyping/Meshes/SM_Cube.ubulk" 355
"D:/UnrealProjects/Multiplayer_Plugin/Content/LevelPrototyping/Meshes/SM_Cube.uasset" 356
"D:/UnrealProjects/Multiplayer_Plugin/Content/LevelPrototyping/Meshes/SM_Cube.uexp" 357
"D:/UnrealProjects/Multiplayer_Plugin/Content/LevelPrototyping/Materials/M_Solid.uasset" 358
"D:/UnrealProjects/Multiplayer_Plugin/Content/LevelPrototyping/Materials/M_Solid.uexp" 359
"D:/UnrealProjects/Multiplayer_Plugin/Content/LevelPrototyping/Materials/MI_Solid_Blue.uasset" 360
"D:/UnrealProjects/Multiplayer_Plugin/Content/LevelPrototyping/Materials/MI_Solid_Blue.uexp" 361
"D:/UnrealProjects/Multiplayer_Plugin/Content/LevelPrototyping/Meshes/SM_ChamferCube.ubulk" 362
"D:/UnrealProjects/Multiplayer_Plugin/Content/LevelPrototyping/Meshes/SM_ChamferCube.uasset" 363
"D:/UnrealProjects/Multiplayer_Plugin/Content/LevelPrototyping/Meshes/SM_ChamferCube.uexp" 364
"D:/UnrealProjects/Multiplayer_Plugin/Content/LevelPrototyping/Materials/MI_PrototypeGrid_TopDark.uasset" 365
"D:/UnrealProjects/Multiplayer_Plugin/Content/LevelPrototyping/Materials/MI_PrototypeGrid_TopDark.uexp" 366
"D:/UnrealProjects/Multiplayer_Plugin/Content/LevelPrototyping/Materials/MI_PrototypeGrid_Gray_02.uasset" 367
"D:/UnrealProjects/Multiplayer_Plugin/Content/LevelPrototyping/Materials/MI_PrototypeGrid_Gray_02.uexp" 368
"D:/UnrealProjects/Multiplayer_Plugin/Content/Characters/Mannequins/Meshes/SK_Mannequin.uasset" 369
"D:/UnrealProjects/Multiplayer_Plugin/Content/Characters/Mannequins/Meshes/SK_Mannequin.uexp" 370
"D:/UnrealProjects/Multiplayer_Plugin/Content/Characters/Mannequins/Textures/Quinn/T_Quinn_02ID_MSR_MSK.ubulk" 371
"D:/UnrealProjects/Multiplayer_Plugin/Content/Characters/Mannequins/Textures/Quinn/T_Quinn_02ID_MSR_MSK.uasset" 372
"D:/UnrealProjects/Multiplayer_Plugin/Content/Characters/Mannequins/Textures/Quinn/T_Quinn_02ID_MSR_MSK.uexp" 373
"D:/UnrealProjects/Multiplayer_Plugin/Content/Characters/Mannequins/Textures/Quinn/T_Quinn_02ID_BN.ubulk" 374
"D:/UnrealProjects/Multiplayer_Plugin/Content/Characters/Mannequins/Textures/Quinn/T_Quinn_02ID_BN.uasset" 375
"D:/UnrealProjects/Multiplayer_Plugin/Content/Characters/Mannequins/Textures/Quinn/T_Quinn_02ID_BN.uexp" 376
"D:/UnrealProjects/Multiplayer_Plugin/Content/Characters/Mannequins/Textures/Quinn/T_Quinn_02_ASAOMASK_MSK.ubulk" 377
"D:/UnrealProjects/Multiplayer_Plugin/Content/Characters/Mannequins/Textures/Quinn/T_Quinn_02_ASAOMASK_MSK.uasset" 378
"D:/UnrealProjects/Multiplayer_Plugin/Content/Characters/Mannequins/Textures/Quinn/T_Quinn_02_ASAOMASK_MSK.uexp" 379
"D:/UnrealProjects/Multiplayer_Plugin/Content/Characters/Mannequins/Textures/Quinn/T_Quinn_02_CCRCCPlastic_MSK.ubulk" 380
"D:/UnrealProjects/Multiplayer_Plugin/Content/Characters/Mannequins/Textures/Quinn/T_Quinn_02_CCRCCPlastic_MSK.uasset" 381
"D:/UnrealProjects/Multiplayer_Plugin/Content/Characters/Mannequins/Textures/Quinn/T_Quinn_02_CCRCCPlastic_MSK.uexp" 382
"D:/UnrealProjects/Multiplayer_Plugin/Content/Characters/Mannequins/Textures/Quinn/T_Quinn_02ID_Tan.ubulk" 383
"D:/UnrealProjects/Multiplayer_Plugin/Content/Characters/Mannequins/Textures/Quinn/T_Quinn_02ID_Tan.uasset" 384
"D:/UnrealProjects/Multiplayer_Plugin/Content/Characters/Mannequins/Textures/Quinn/T_Quinn_02ID_Tan.uexp" 385
"D:/UnrealProjects/Multiplayer_Plugin/Content/Characters/Mannequins/Textures/Quinn/T_Quinn_02ID_D.ubulk" 386
"D:/UnrealProjects/Multiplayer_Plugin/Content/Characters/Mannequins/Textures/Quinn/T_Quinn_02ID_D.uasset" 387
"D:/UnrealProjects/Multiplayer_Plugin/Content/Characters/Mannequins/Textures/Quinn/T_Quinn_02ID_D.uexp" 388
"D:/UnrealProjects/Multiplayer_Plugin/Content/Characters/Mannequins/Textures/Quinn/T_Quinn_01ID_MSR_MSK.ubulk" 389
"D:/UnrealProjects/Multiplayer_Plugin/Content/Characters/Mannequins/Textures/Quinn/T_Quinn_01ID_MSR_MSK.uasset" 390
"D:/UnrealProjects/Multiplayer_Plugin/Content/Characters/Mannequins/Textures/Quinn/T_Quinn_01ID_MSR_MSK.uexp" 391
"D:/UnrealProjects/Multiplayer_Plugin/Content/Characters/Mannequins/Materials/Functions/ChromaticCurve.uasset" 392
"D:/UnrealProjects/Multiplayer_Plugin/Content/Characters/Mannequins/Materials/Functions/ChromaticCurve.uexp" 393
"D:/UnrealProjects/Multiplayer_Plugin/Content/Characters/Mannequins/Materials/Functions/CA_Mannequin.uasset" 394
"D:/UnrealProjects/Multiplayer_Plugin/Content/Characters/Mannequins/Materials/Functions/CA_Mannequin.uexp" 395
"D:/UnrealProjects/Multiplayer_Plugin/Content/Characters/Mannequins/Materials/Functions/MF_Diffraction.uasset" 396
"D:/UnrealProjects/Multiplayer_Plugin/Content/Characters/Mannequins/Materials/Functions/MF_Diffraction.uexp" 397
"D:/UnrealProjects/Multiplayer_Plugin/Content/Characters/Mannequins/Textures/Manny/T_Manny_01_N.ubulk" 398
"D:/UnrealProjects/Multiplayer_Plugin/Content/Characters/Mannequins/Textures/Manny/T_Manny_01_N.uasset" 399
"D:/UnrealProjects/Multiplayer_Plugin/Content/Characters/Mannequins/Textures/Manny/T_Manny_01_N.uexp" 400
"D:/UnrealProjects/Multiplayer_Plugin/Content/Characters/Mannequins/Materials/Functions/ML_BaseColorFallOff.uasset" 401
"D:/UnrealProjects/Multiplayer_Plugin/Content/Characters/Mannequins/Materials/Functions/ML_BaseColorFallOff.uexp" 402
"../../../Engine/Content/Functions/Engine_MaterialFunctions01/Texturing/ScaleUVsByCenter.uasset" 403
"../../../Engine/Content/Functions/Engine_MaterialFunctions01/Texturing/ScaleUVsByCenter.uexp" 404
"D:/UnrealProjects/Multiplayer_Plugin/Content/Characters/Mannequins/Textures/Shared/T_UE_Logo_M.uasset" 405
"D:/UnrealProjects/Multiplayer_Plugin/Content/Characters/Mannequins/Textures/Shared/T_UE_Logo_M.uexp" 406
"D:/UnrealProjects/Multiplayer_Plugin/Content/Characters/Mannequins/Materials/Functions/MF_logo3layers.uasset" 407
"D:/UnrealProjects/Multiplayer_Plugin/Content/Characters/Mannequins/Materials/Functions/MF_logo3layers.uexp" 408
"D:/UnrealProjects/Multiplayer_Plugin/Content/Characters/Mannequins/Textures/Manny/T_Manny_01_CCRCCPlastic_MSK.ubulk" 409
"D:/UnrealProjects/Multiplayer_Plugin/Content/Characters/Mannequins/Textures/Manny/T_Manny_01_CCRCCPlastic_MSK.uasset" 410
"D:/UnrealProjects/Multiplayer_Plugin/Content/Characters/Mannequins/Textures/Manny/T_Manny_01_CCRCCPlastic_MSK.uexp" 411
"D:/UnrealProjects/Multiplayer_Plugin/Content/Characters/Mannequins/Textures/Manny/T_Manny_01_ASAOPMASK_MSK.ubulk" 412
"D:/UnrealProjects/Multiplayer_Plugin/Content/Characters/Mannequins/Textures/Manny/T_Manny_01_ASAOPMASK_MSK.uasset" 413
"D:/UnrealProjects/Multiplayer_Plugin/Content/Characters/Mannequins/Textures/Manny/T_Manny_01_ASAOPMASK_MSK.uexp" 414
"D:/UnrealProjects/Multiplayer_Plugin/Content/Characters/Mannequins/Textures/Manny/T_Manny_01_MSR_MSK.ubulk" 415
"D:/UnrealProjects/Multiplayer_Plugin/Content/Characters/Mannequins/Textures/Manny/T_Manny_01_MSR_MSK.uasset" 416
"D:/UnrealProjects/Multiplayer_Plugin/Content/Characters/Mannequins/Textures/Manny/T_Manny_01_MSR_MSK.uexp" 417
"D:/UnrealProjects/Multiplayer_Plugin/Content/Characters/Mannequins/Textures/Manny/T_Manny_01_BN.ubulk" 418
"D:/UnrealProjects/Multiplayer_Plugin/Content/Characters/Mannequins/Textures/Manny/T_Manny_01_BN.uasset" 419
"D:/UnrealProjects/Multiplayer_Plugin/Content/Characters/Mannequins/Textures/Manny/T_Manny_01_BN.uexp" 420
"D:/UnrealProjects/Multiplayer_Plugin/Content/Characters/Mannequins/Textures/Manny/T_Manny_01_D.ubulk" 421
"D:/UnrealProjects/Multiplayer_Plugin/Content/Characters/Mannequins/Textures/Manny/T_Manny_01_D.uasset" 422
"D:/UnrealProjects/Multiplayer_Plugin/Content/Characters/Mannequins/Textures/Manny/T_Manny_01_D.uexp" 423
"D:/UnrealProjects/Multiplayer_Plugin/Content/Characters/Mannequins/Textures/Manny/T_Manny_01_Tan.ubulk" 424
"D:/UnrealProjects/Multiplayer_Plugin/Content/Characters/Mannequins/Textures/Manny/T_Manny_01_Tan.uasset" 425
"D:/UnrealProjects/Multiplayer_Plugin/Content/Characters/Mannequins/Textures/Manny/T_Manny_01_Tan.uexp" 426
"D:/UnrealProjects/Multiplayer_Plugin/Content/Characters/Mannequins/Materials/M_Mannequin.uasset" 427
"D:/UnrealProjects/Multiplayer_Plugin/Content/Characters/Mannequins/Materials/M_Mannequin.uexp" 428
"D:/UnrealProjects/Multiplayer_Plugin/Content/Characters/Mannequins/Textures/Quinn/T_Quinn_01_ASAOMASK_MSK.ubulk" 429
"D:/UnrealProjects/Multiplayer_Plugin/Content/Characters/Mannequins/Textures/Quinn/T_Quinn_01_ASAOMASK_MSK.uasset" 430
"D:/UnrealProjects/Multiplayer_Plugin/Content/Characters/Mannequins/Textures/Quinn/T_Quinn_01_ASAOMASK_MSK.uexp" 431
"D:/UnrealProjects/Multiplayer_Plugin/Content/Characters/Mannequins/Textures/Quinn/T_Quinn_01ID_N.ubulk" 432
"D:/UnrealProjects/Multiplayer_Plugin/Content/Characters/Mannequins/Textures/Quinn/T_Quinn_01ID_N.uasset" 433
"D:/UnrealProjects/Multiplayer_Plugin/Content/Characters/Mannequins/Textures/Quinn/T_Quinn_01ID_N.uexp" 434
"D:/UnrealProjects/Multiplayer_Plugin/Content/Characters/Mannequins/Textures/Quinn/T_Quinn_01ID_BN.ubulk" 435
"D:/UnrealProjects/Multiplayer_Plugin/Content/Characters/Mannequins/Textures/Quinn/T_Quinn_01ID_BN.uasset" 436
"D:/UnrealProjects/Multiplayer_Plugin/Content/Characters/Mannequins/Textures/Quinn/T_Quinn_01ID_BN.uexp" 437
"D:/UnrealProjects/Multiplayer_Plugin/Content/Characters/Mannequins/Textures/Quinn/T_Quinn_01ID_D.ubulk" 438
"D:/UnrealProjects/Multiplayer_Plugin/Content/Characters/Mannequins/Textures/Quinn/T_Quinn_01ID_D.uasset" 439
"D:/UnrealProjects/Multiplayer_Plugin/Content/Characters/Mannequins/Textures/Quinn/T_Quinn_01ID_D.uexp" 440
"D:/UnrealProjects/Multiplayer_Plugin/Content/Characters/Mannequins/Textures/Quinn/T_Quinn_01ID_Tan.ubulk" 441
"D:/UnrealProjects/Multiplayer_Plugin/Content/Characters/Mannequins/Textures/Quinn/T_Quinn_01ID_Tan.uasset" 442
"D:/UnrealProjects/Multiplayer_Plugin/Content/Characters/Mannequins/Textures/Quinn/T_Quinn_01ID_Tan.uexp" 443
"D:/UnrealProjects/Multiplayer_Plugin/Content/Characters/Mannequins/Textures/Quinn/T_Quinn_01_CCRCCPlastic_MSK.ubulk" 444
"D:/UnrealProjects/Multiplayer_Plugin/Content/Characters/Mannequins/Textures/Quinn/T_Quinn_01_CCRCCPlastic_MSK.uasset" 445
"D:/UnrealProjects/Multiplayer_Plugin/Content/Characters/Mannequins/Textures/Quinn/T_Quinn_01_CCRCCPlastic_MSK.uexp" 446
"D:/UnrealProjects/Multiplayer_Plugin/Content/Characters/Mannequins/Materials/Instances/Quinn/MI_Quinn_01.uasset" 447
"D:/UnrealProjects/Multiplayer_Plugin/Content/Characters/Mannequins/Materials/Instances/Quinn/MI_Quinn_01.uexp" 448
"D:/UnrealProjects/Multiplayer_Plugin/Content/Characters/Mannequins/Textures/Quinn/T_Quinn_02ID_N.ubulk" 449
"D:/UnrealProjects/Multiplayer_Plugin/Content/Characters/Mannequins/Textures/Quinn/T_Quinn_02ID_N.uasset" 450
"D:/UnrealProjects/Multiplayer_Plugin/Content/Characters/Mannequins/Textures/Quinn/T_Quinn_02ID_N.uexp" 451
"D:/UnrealProjects/Multiplayer_Plugin/Content/Characters/Mannequins/Materials/Instances/Quinn/MI_Quinn_02.uasset" 452
"D:/UnrealProjects/Multiplayer_Plugin/Content/Characters/Mannequins/Materials/Instances/Quinn/MI_Quinn_02.uexp" 453
"D:/UnrealProjects/Multiplayer_Plugin/Content/Characters/Mannequins/Rigs/PA_Mannequin.uasset" 454
"D:/UnrealProjects/Multiplayer_Plugin/Content/Characters/Mannequins/Rigs/PA_Mannequin.uexp" 455
"D:/UnrealProjects/Multiplayer_Plugin/Content/Characters/Mannequins/Meshes/SKM_Quinn_Simple.uasset" 456
"D:/UnrealProjects/Multiplayer_Plugin/Content/Characters/Mannequins/Meshes/SKM_Quinn_Simple.uexp" 457
"../../../Engine/Content/Animation/DefaultAnimCurveCompressionSettings.uasset" 458
"../../../Engine/Content/Animation/DefaultAnimCurveCompressionSettings.uexp" 459
"../../../Engine/Content/Animation/DefaultAnimBoneCompressionSettings.uasset" 460
"../../../Engine/Content/Animation/DefaultAnimBoneCompressionSettings.uexp" 461
"D:/UnrealProjects/Multiplayer_Plugin/Content/Characters/Mannequins/Animations/Quinn/MF_Run_Fwd.uasset" 462
"D:/UnrealProjects/Multiplayer_Plugin/Content/Characters/Mannequins/Animations/Quinn/MF_Run_Fwd.uexp" 463
"D:/UnrealProjects/Multiplayer_Plugin/Content/Characters/Mannequins/Animations/Quinn/MF_Walk_Fwd.uasset" 464
"D:/UnrealProjects/Multiplayer_Plugin/Content/Characters/Mannequins/Animations/Quinn/MF_Walk_Fwd.uexp" 465
"../../../Engine/Content/Animation/DefaultRecorderBoneCompression.uasset" 466
"../../../Engine/Content/Animation/DefaultRecorderBoneCompression.uexp" 467
"D:/UnrealProjects/Multiplayer_Plugin/Content/Characters/Mannequins/Animations/Manny/MM_Walk_InPlace.uasset" 468
"D:/UnrealProjects/Multiplayer_Plugin/Content/Characters/Mannequins/Animations/Manny/MM_Walk_InPlace.uexp" 469
"D:/UnrealProjects/Multiplayer_Plugin/Content/Characters/Mannequins/Animations/Quinn/BS_MF_Unarmed_WalkRun.uasset" 470
"D:/UnrealProjects/Multiplayer_Plugin/Content/Characters/Mannequins/Animations/Quinn/BS_MF_Unarmed_WalkRun.uexp" 471
"D:/UnrealProjects/Multiplayer_Plugin/Content/Characters/Mannequins/Animations/Quinn/MF_Idle.uasset" 472
"D:/UnrealProjects/Multiplayer_Plugin/Content/Characters/Mannequins/Animations/Quinn/MF_Idle.uexp" 473
"D:/UnrealProjects/Multiplayer_Plugin/Content/Characters/Mannequins/Animations/Manny/MM_Fall_Loop.uasset" 474
"D:/UnrealProjects/Multiplayer_Plugin/Content/Characters/Mannequins/Animations/Manny/MM_Fall_Loop.uexp" 475
"D:/UnrealProjects/Multiplayer_Plugin/Content/Characters/Mannequins/Animations/Manny/MM_Jump.uasset" 476
"D:/UnrealProjects/Multiplayer_Plugin/Content/Characters/Mannequins/Animations/Manny/MM_Jump.uexp" 477
"../../../Engine/Plugins/Animation/ControlRig/Content/Controls/DefaultGizmoLibrary.uasset" 478
"../../../Engine/Plugins/Animation/ControlRig/Content/Controls/DefaultGizmoLibrary.uexp" 479
"D:/UnrealProjects/Multiplayer_Plugin/Content/Characters/Mannequins/Rigs/CR_Mannequin_BasicFootIK.uasset" 480
"D:/UnrealProjects/Multiplayer_Plugin/Content/Characters/Mannequins/Rigs/CR_Mannequin_BasicFootIK.uexp" 481
"D:/UnrealProjects/Multiplayer_Plugin/Content/Characters/Mannequins/Animations/Manny/MM_Run_Fwd.uasset" 482
"D:/UnrealProjects/Multiplayer_Plugin/Content/Characters/Mannequins/Animations/Manny/MM_Run_Fwd.uexp" 483
"D:/UnrealProjects/Multiplayer_Plugin/Content/Characters/Mannequins/Animations/Manny/MM_Walk_Fwd.uasset" 484
"D:/UnrealProjects/Multiplayer_Plugin/Content/Characters/Mannequins/Animations/Manny/MM_Walk_Fwd.uexp" 485
"D:/UnrealProjects/Multiplayer_Plugin/Content/Characters/Mannequins/Animations/Manny/BS_MM_WalkRun.uasset" 486
"D:/UnrealProjects/Multiplayer_Plugin/Content/Characters/Mannequins/Animations/Manny/BS_MM_WalkRun.uexp" 487
"D:/UnrealProjects/Multiplayer_Plugin/Content/Characters/Mannequins/Animations/Manny/MM_Land.uasset" 488
"D:/UnrealProjects/Multiplayer_Plugin/Content/Characters/Mannequins/Animations/Manny/MM_Land.uexp" 489
"D:/UnrealProjects/Multiplayer_Plugin/Content/Characters/Mannequins/Animations/Manny/MM_Idle.uasset" 490
"D:/UnrealProjects/Multiplayer_Plugin/Content/Characters/Mannequins/Animations/Manny/MM_Idle.uexp" 491
"D:/UnrealProjects/Multiplayer_Plugin/Content/Characters/Mannequins/Animations/ABP_Manny.uasset" 492
"D:/UnrealProjects/Multiplayer_Plugin/Content/Characters/Mannequins/Animations/ABP_Manny.uexp" 493
"D:/UnrealProjects/Multiplayer_Plugin/Content/Characters/Mannequins/Animations/ABP_Quinn.uasset" 494
"D:/UnrealProjects/Multiplayer_Plugin/Content/Characters/Mannequins/Animations/ABP_Quinn.uexp" 495
"D:/UnrealProjects/Multiplayer_Plugin/Content/ThirdPerson/Blueprints/BP_ThirdPersonCharacter.uasset" 496
"D:/UnrealProjects/Multiplayer_Plugin/Content/ThirdPerson/Blueprints/BP_ThirdPersonCharacter.uexp" 497
"D:/UnrealProjects/Multiplayer_Plugin/Content/Characters/Mannequin_UE4/Textures/T_UELogo_N_TGA.ubulk" 498
"D:/UnrealProjects/Multiplayer_Plugin/Content/Characters/Mannequin_UE4/Textures/T_UELogo_N_TGA.uasset" 499
"D:/UnrealProjects/Multiplayer_Plugin/Content/Characters/Mannequin_UE4/Textures/T_UELogo_N_TGA.uexp" 500
"D:/UnrealProjects/Multiplayer_Plugin/Content/Characters/Mannequin_UE4/Textures/T_UE4_Mannequin__normals.ubulk" 501
"D:/UnrealProjects/Multiplayer_Plugin/Content/Characters/Mannequin_UE4/Textures/T_UE4_Mannequin__normals.uasset" 502
"D:/UnrealProjects/Multiplayer_Plugin/Content/Characters/Mannequin_UE4/Textures/T_UE4_Mannequin__normals.uexp" 503
"D:/UnrealProjects/Multiplayer_Plugin/Content/Characters/Mannequin_UE4/Materials/Layers/ML_ShinyPlastic_Beige.uasset" 504
"D:/UnrealProjects/Multiplayer_Plugin/Content/Characters/Mannequin_UE4/Materials/Layers/ML_ShinyPlastic_Beige.uexp" 505
"../../../Engine/Content/Functions/Engine_MaterialFunctions02/Utility/BlendAngleCorrectedNormals.uasset" 506
"../../../Engine/Content/Functions/Engine_MaterialFunctions02/Utility/BlendAngleCorrectedNormals.uexp" 507
"../../../Engine/Content/Functions/MaterialLayerFunctions/MatLayerBlend_NormalBlend.uasset" 508
"../../../Engine/Content/Functions/MaterialLayerFunctions/MatLayerBlend_NormalBlend.uexp" 509
"D:/UnrealProjects/Multiplayer_Plugin/Content/Characters/Mannequin_UE4/Textures/T_UELogo_Mask.ubulk" 510
"D:/UnrealProjects/Multiplayer_Plugin/Content/Characters/Mannequin_UE4/Textures/T_UELogo_Mask.uasset" 511
"D:/UnrealProjects/Multiplayer_Plugin/Content/Characters/Mannequin_UE4/Textures/T_UELogo_Mask.uexp" 512
"D:/UnrealProjects/Multiplayer_Plugin/Content/Characters/Mannequin_UE4/Materials/Layers/ML_ShinyPlastic_Beige_Logo.uasset" 513
"D:/UnrealProjects/Multiplayer_Plugin/Content/Characters/Mannequin_UE4/Materials/Layers/ML_ShinyPlastic_Beige_Logo.uexp" 514
"D:/UnrealProjects/Multiplayer_Plugin/Content/Characters/Mannequin_UE4/Textures/T_UE4_Mannequin_MAT_MASKA.ubulk" 515
"D:/UnrealProjects/Multiplayer_Plugin/Content/Characters/Mannequin_UE4/Textures/T_UE4_Mannequin_MAT_MASKA.uasset" 516
"D:/UnrealProjects/Multiplayer_Plugin/Content/Characters/Mannequin_UE4/Textures/T_UE4_Mannequin_MAT_MASKA.uexp" 517
"D:/UnrealProjects/Multiplayer_Plugin/Content/Characters/Mannequin_UE4/Textures/T_ML_Aluminum01_N.ubulk" 518
"D:/UnrealProjects/Multiplayer_Plugin/Content/Characters/Mannequin_UE4/Textures/T_ML_Aluminum01_N.uasset" 519
"D:/UnrealProjects/Multiplayer_Plugin/Content/Characters/Mannequin_UE4/Textures/T_ML_Aluminum01_N.uexp" 520
"D:/UnrealProjects/Multiplayer_Plugin/Content/Characters/Mannequin_UE4/Textures/T_ML_Aluminum01.ubulk" 521
"D:/UnrealProjects/Multiplayer_Plugin/Content/Characters/Mannequin_UE4/Textures/T_ML_Aluminum01.uasset" 522
"D:/UnrealProjects/Multiplayer_Plugin/Content/Characters/Mannequin_UE4/Textures/T_ML_Aluminum01.uexp" 523
"D:/UnrealProjects/Multiplayer_Plugin/Content/Characters/Mannequin_UE4/Materials/Layers/ML_SoftMetal.uasset" 524
"D:/UnrealProjects/Multiplayer_Plugin/Content/Characters/Mannequin_UE4/Materials/Layers/ML_SoftMetal.uexp" 525
"../../../Engine/Content/Functions/MaterialLayerFunctions/MatLayerBlend_Simple.uasset" 526
"../../../Engine/Content/Functions/MaterialLayerFunctions/MatLayerBlend_Simple.uexp" 527
"D:/UnrealProjects/Multiplayer_Plugin/Content/Characters/Mannequin_UE4/Textures/T_ML_Rubber_Blue_01_N.ubulk" 528
"D:/UnrealProjects/Multiplayer_Plugin/Content/Characters/Mannequin_UE4/Textures/T_ML_Rubber_Blue_01_N.uasset" 529
"D:/UnrealProjects/Multiplayer_Plugin/Content/Characters/Mannequin_UE4/Textures/T_ML_Rubber_Blue_01_N.uexp" 530
"D:/UnrealProjects/Multiplayer_Plugin/Content/Characters/Mannequin_UE4/Textures/T_ML_Rubber_Blue_01_D.ubulk" 531
"D:/UnrealProjects/Multiplayer_Plugin/Content/Characters/Mannequin_UE4/Textures/T_ML_Rubber_Blue_01_D.uasset" 532
"D:/UnrealProjects/Multiplayer_Plugin/Content/Characters/Mannequin_UE4/Textures/T_ML_Rubber_Blue_01_D.uexp" 533
"D:/UnrealProjects/Multiplayer_Plugin/Content/Characters/Mannequin_UE4/Materials/Layers/ML_Latex_Black.uasset" 534
"D:/UnrealProjects/Multiplayer_Plugin/Content/Characters/Mannequin_UE4/Materials/Layers/ML_Latex_Black.uexp" 535
"D:/UnrealProjects/Multiplayer_Plugin/Content/Characters/Mannequin_UE4/Materials/M_MannequinUE4_Body.uasset" 536
"D:/UnrealProjects/Multiplayer_Plugin/Content/Characters/Mannequin_UE4/Materials/M_MannequinUE4_Body.uexp" 537
"D:/UnrealProjects/Multiplayer_Plugin/Content/Characters/Mannequin_UE4/Materials/M_MannequinUE4_ChestLogo.uasset" 538
"D:/UnrealProjects/Multiplayer_Plugin/Content/Characters/Mannequin_UE4/Materials/M_MannequinUE4_ChestLogo.uexp" 539
"D:/UnrealProjects/Multiplayer_Plugin/Content/Characters/Mannequin_UE4/Meshes/SK_Mannequin_PhysicsAsset.uasset" 540
"D:/UnrealProjects/Multiplayer_Plugin/Content/Characters/Mannequin_UE4/Meshes/SK_Mannequin_PhysicsAsset.uexp" 541
"D:/UnrealProjects/Multiplayer_Plugin/Content/Characters/Mannequin_UE4/Meshes/SK_Mannequin_Skeleton.uasset" 542
"D:/UnrealProjects/Multiplayer_Plugin/Content/Characters/Mannequin_UE4/Meshes/SK_Mannequin_Skeleton.uexp" 543
"D:/UnrealProjects/Multiplayer_Plugin/Content/Characters/Mannequin_UE4/Meshes/SK_Mannequin.uasset" 544
"D:/UnrealProjects/Multiplayer_Plugin/Content/Characters/Mannequin_UE4/Meshes/SK_Mannequin.uexp" 545
"D:/UnrealProjects/Multiplayer_Plugin/Content/Characters/Mannequin_UE4/Rigs/IK_UE4_Mannequin.uasset" 546
"D:/UnrealProjects/Multiplayer_Plugin/Content/Characters/Mannequin_UE4/Rigs/IK_UE4_Mannequin.uexp" 547
"D:/UnrealProjects/Multiplayer_Plugin/Content/Characters/Mannequins/Rigs/Poses/Manny/Manny_foot_l_anim.uasset" 548
"D:/UnrealProjects/Multiplayer_Plugin/Content/Characters/Mannequins/Rigs/Poses/Manny/Manny_foot_l_anim.uexp" 549
"D:/UnrealProjects/Multiplayer_Plugin/Content/Characters/Mannequins/Rigs/Poses/Manny/Manny_foot_l_pose.uasset" 550
"D:/UnrealProjects/Multiplayer_Plugin/Content/Characters/Mannequins/Rigs/Poses/Manny/Manny_foot_l_pose.uexp" 551
"D:/UnrealProjects/Multiplayer_Plugin/Content/Characters/Mannequins/Rigs/Poses/Manny/Manny_thigh_r_anim.uasset" 552
"D:/UnrealProjects/Multiplayer_Plugin/Content/Characters/Mannequins/Rigs/Poses/Manny/Manny_thigh_r_anim.uexp" 553
"D:/UnrealProjects/Multiplayer_Plugin/Content/Characters/Mannequins/Rigs/Poses/Manny/Manny_thigh_r_pose.uasset" 554
"D:/UnrealProjects/Multiplayer_Plugin/Content/Characters/Mannequins/Rigs/Poses/Manny/Manny_thigh_r_pose.uexp" 555
"D:/UnrealProjects/Multiplayer_Plugin/Content/Characters/Mannequins/Rigs/Poses/Manny/Manny_hand_r_anim.uasset" 556
"D:/UnrealProjects/Multiplayer_Plugin/Content/Characters/Mannequins/Rigs/Poses/Manny/Manny_hand_r_anim.uexp" 557
"D:/UnrealProjects/Multiplayer_Plugin/Content/Characters/Mannequins/Rigs/Poses/Manny/Manny_hand_r_pose.uasset" 558
"D:/UnrealProjects/Multiplayer_Plugin/Content/Characters/Mannequins/Rigs/Poses/Manny/Manny_hand_r_pose.uexp" 559
"D:/UnrealProjects/Multiplayer_Plugin/Content/Characters/Mannequins/Rigs/Poses/Manny/Manny_clavicle_l_anim.uasset" 560
"D:/UnrealProjects/Multiplayer_Plugin/Content/Characters/Mannequins/Rigs/Poses/Manny/Manny_clavicle_l_anim.uexp" 561
"D:/UnrealProjects/Multiplayer_Plugin/Content/Characters/Mannequins/Rigs/Poses/Manny/Manny_clavicle_l_pose.uasset" 562
"D:/UnrealProjects/Multiplayer_Plugin/Content/Characters/Mannequins/Rigs/Poses/Manny/Manny_clavicle_l_pose.uexp" 563
"D:/UnrealProjects/Multiplayer_Plugin/Content/Characters/Mannequins/Rigs/Poses/Manny/Manny_calf_l_anim.uasset" 564
"D:/UnrealProjects/Multiplayer_Plugin/Content/Characters/Mannequins/Rigs/Poses/Manny/Manny_calf_l_anim.uexp" 565
"D:/UnrealProjects/Multiplayer_Plugin/Content/Characters/Mannequins/Rigs/Poses/Manny/Manny_calf_l_pose.uasset" 566
"D:/UnrealProjects/Multiplayer_Plugin/Content/Characters/Mannequins/Rigs/Poses/Manny/Manny_calf_l_pose.uexp" 567
"D:/UnrealProjects/Multiplayer_Plugin/Content/Characters/Mannequins/Rigs/Poses/Manny/Manny_hand_l_anim.uasset" 568
"D:/UnrealProjects/Multiplayer_Plugin/Content/Characters/Mannequins/Rigs/Poses/Manny/Manny_hand_l_anim.uexp" 569
"D:/UnrealProjects/Multiplayer_Plugin/Content/Characters/Mannequins/Rigs/Poses/Manny/Manny_hand_l_pose.uasset" 570
"D:/UnrealProjects/Multiplayer_Plugin/Content/Characters/Mannequins/Rigs/Poses/Manny/Manny_hand_l_pose.uexp" 571
"D:/UnrealProjects/Multiplayer_Plugin/Content/Characters/Mannequins/Rigs/CR_Mannequin_Procedural.uasset" 572
"D:/UnrealProjects/Multiplayer_Plugin/Content/Characters/Mannequins/Rigs/CR_Mannequin_Procedural.uexp" 573
"D:/UnrealProjects/Multiplayer_Plugin/Content/Characters/Mannequins/Rigs/Poses/Manny/Manny_upperarm_r_anim.uasset" 574
"D:/UnrealProjects/Multiplayer_Plugin/Content/Characters/Mannequins/Rigs/Poses/Manny/Manny_upperarm_r_anim.uexp" 575
"D:/UnrealProjects/Multiplayer_Plugin/Content/Characters/Mannequins/Rigs/Poses/Manny/Manny_upperarm_r_pose.uasset" 576
"D:/UnrealProjects/Multiplayer_Plugin/Content/Characters/Mannequins/Rigs/Poses/Manny/Manny_upperarm_r_pose.uexp" 577
"D:/UnrealProjects/Multiplayer_Plugin/Content/Characters/Mannequins/Rigs/Poses/Manny/Manny_lowerarm_r_anim.uasset" 578
"D:/UnrealProjects/Multiplayer_Plugin/Content/Characters/Mannequins/Rigs/Poses/Manny/Manny_lowerarm_r_anim.uexp" 579
"D:/UnrealProjects/Multiplayer_Plugin/Content/Characters/Mannequins/Rigs/Poses/Manny/Manny_lowerarm_r_pose.uasset" 580
"D:/UnrealProjects/Multiplayer_Plugin/Content/Characters/Mannequins/Rigs/Poses/Manny/Manny_lowerarm_r_pose.uexp" 581
"D:/UnrealProjects/Multiplayer_Plugin/Content/Characters/Mannequins/Rigs/Poses/Manny/Manny_calf_r_anim.uasset" 582
"D:/UnrealProjects/Multiplayer_Plugin/Content/Characters/Mannequins/Rigs/Poses/Manny/Manny_calf_r_anim.uexp" 583
"D:/UnrealProjects/Multiplayer_Plugin/Content/Characters/Mannequins/Rigs/Poses/Manny/Manny_calf_r_pose.uasset" 584
"D:/UnrealProjects/Multiplayer_Plugin/Content/Characters/Mannequins/Rigs/Poses/Manny/Manny_calf_r_pose.uexp" 585
"D:/UnrealProjects/Multiplayer_Plugin/Content/Characters/Mannequins/Rigs/Poses/Manny/Manny_foot_r_anim.uasset" 586
"D:/UnrealProjects/Multiplayer_Plugin/Content/Characters/Mannequins/Rigs/Poses/Manny/Manny_foot_r_anim.uexp" 587
"D:/UnrealProjects/Multiplayer_Plugin/Content/Characters/Mannequins/Rigs/Poses/Manny/Manny_foot_r_pose.uasset" 588
"D:/UnrealProjects/Multiplayer_Plugin/Content/Characters/Mannequins/Rigs/Poses/Manny/Manny_foot_r_pose.uexp" 589
"D:/UnrealProjects/Multiplayer_Plugin/Content/Characters/Mannequins/Rigs/Poses/Manny/Manny_lowerarm_l_anim.uasset" 590
"D:/UnrealProjects/Multiplayer_Plugin/Content/Characters/Mannequins/Rigs/Poses/Manny/Manny_lowerarm_l_anim.uexp" 591
"D:/UnrealProjects/Multiplayer_Plugin/Content/Characters/Mannequins/Rigs/Poses/Manny/Manny_lowerarm_l_pose.uasset" 592
"D:/UnrealProjects/Multiplayer_Plugin/Content/Characters/Mannequins/Rigs/Poses/Manny/Manny_lowerarm_l_pose.uexp" 593
"D:/UnrealProjects/Multiplayer_Plugin/Content/Characters/Mannequins/Rigs/Poses/Manny/Manny_clavicle_r_anim.uasset" 594
"D:/UnrealProjects/Multiplayer_Plugin/Content/Characters/Mannequins/Rigs/Poses/Manny/Manny_clavicle_r_anim.uexp" 595
"D:/UnrealProjects/Multiplayer_Plugin/Content/Characters/Mannequins/Rigs/Poses/Manny/Manny_clavicle_r_pose.uasset" 596
"D:/UnrealProjects/Multiplayer_Plugin/Content/Characters/Mannequins/Rigs/Poses/Manny/Manny_clavicle_r_pose.uexp" 597
"D:/UnrealProjects/Multiplayer_Plugin/Content/Characters/Mannequins/Rigs/Poses/Manny/Manny_thigh_l_anim.uasset" 598
"D:/UnrealProjects/Multiplayer_Plugin/Content/Characters/Mannequins/Rigs/Poses/Manny/Manny_thigh_l_anim.uexp" 599
"D:/UnrealProjects/Multiplayer_Plugin/Content/Characters/Mannequins/Rigs/Poses/Manny/Manny_thigh_l_pose.uasset" 600
"D:/UnrealProjects/Multiplayer_Plugin/Content/Characters/Mannequins/Rigs/Poses/Manny/Manny_thigh_l_pose.uexp" 601
"D:/UnrealProjects/Multiplayer_Plugin/Content/Characters/Mannequins/Rigs/Poses/Manny/Manny_upperarm_l_anim.uasset" 602
"D:/UnrealProjects/Multiplayer_Plugin/Content/Characters/Mannequins/Rigs/Poses/Manny/Manny_upperarm_l_anim.uexp" 603
"D:/UnrealProjects/Multiplayer_Plugin/Content/Characters/Mannequins/Rigs/Poses/Manny/Manny_upperarm_l_pose.uasset" 604
"D:/UnrealProjects/Multiplayer_Plugin/Content/Characters/Mannequins/Rigs/Poses/Manny/Manny_upperarm_l_pose.uexp" 605
"D:/UnrealProjects/Multiplayer_Plugin/Content/Characters/Mannequins/Rigs/ABP_Manny_PostProcess.uasset" 606
"D:/UnrealProjects/Multiplayer_Plugin/Content/Characters/Mannequins/Rigs/ABP_Manny_PostProcess.uexp" 607
"D:/UnrealProjects/Multiplayer_Plugin/Content/Characters/Mannequins/Textures/Manny/T_Manny_02_MSR_MSK.ubulk" 608
"D:/UnrealProjects/Multiplayer_Plugin/Content/Characters/Mannequins/Textures/Manny/T_Manny_02_MSR_MSK.uasset" 609
"D:/UnrealProjects/Multiplayer_Plugin/Content/Characters/Mannequins/Textures/Manny/T_Manny_02_MSR_MSK.uexp" 610
"D:/UnrealProjects/Multiplayer_Plugin/Content/Characters/Mannequins/Textures/Manny/T_Manny_02_CCRCCPlastic_MSK.ubulk" 611
"D:/UnrealProjects/Multiplayer_Plugin/Content/Characters/Mannequins/Textures/Manny/T_Manny_02_CCRCCPlastic_MSK.uasset" 612
"D:/UnrealProjects/Multiplayer_Plugin/Content/Characters/Mannequins/Textures/Manny/T_Manny_02_CCRCCPlastic_MSK.uexp" 613
"D:/UnrealProjects/Multiplayer_Plugin/Content/Characters/Mannequins/Textures/Manny/T_Manny_02_Tan.ubulk" 614
"D:/UnrealProjects/Multiplayer_Plugin/Content/Characters/Mannequins/Textures/Manny/T_Manny_02_Tan.uasset" 615
"D:/UnrealProjects/Multiplayer_Plugin/Content/Characters/Mannequins/Textures/Manny/T_Manny_02_Tan.uexp" 616
"D:/UnrealProjects/Multiplayer_Plugin/Content/Characters/Mannequins/Textures/Manny/T_Manny_02_N.ubulk" 617
"D:/UnrealProjects/Multiplayer_Plugin/Content/Characters/Mannequins/Textures/Manny/T_Manny_02_N.uasset" 618
"D:/UnrealProjects/Multiplayer_Plugin/Content/Characters/Mannequins/Textures/Manny/T_Manny_02_N.uexp" 619
"D:/UnrealProjects/Multiplayer_Plugin/Content/Characters/Mannequins/Materials/Instances/Manny/MI_Manny_01.uasset" 620
"D:/UnrealProjects/Multiplayer_Plugin/Content/Characters/Mannequins/Materials/Instances/Manny/MI_Manny_01.uexp" 621
"D:/UnrealProjects/Multiplayer_Plugin/Content/Characters/Mannequins/Textures/Manny/T_Manny_02_BN.ubulk" 622
"D:/UnrealProjects/Multiplayer_Plugin/Content/Characters/Mannequins/Textures/Manny/T_Manny_02_BN.uasset" 623
"D:/UnrealProjects/Multiplayer_Plugin/Content/Characters/Mannequins/Textures/Manny/T_Manny_02_BN.uexp" 624
"D:/UnrealProjects/Multiplayer_Plugin/Content/Characters/Mannequins/Textures/Manny/T_Manny_02_ASAOPMASK_MSK.ubulk" 625
"D:/UnrealProjects/Multiplayer_Plugin/Content/Characters/Mannequins/Textures/Manny/T_Manny_02_ASAOPMASK_MSK.uasset" 626
"D:/UnrealProjects/Multiplayer_Plugin/Content/Characters/Mannequins/Textures/Manny/T_Manny_02_ASAOPMASK_MSK.uexp" 627
"D:/UnrealProjects/Multiplayer_Plugin/Content/Characters/Mannequins/Textures/Manny/T_Manny_02_D.ubulk" 628
"D:/UnrealProjects/Multiplayer_Plugin/Content/Characters/Mannequins/Textures/Manny/T_Manny_02_D.uasset" 629
"D:/UnrealProjects/Multiplayer_Plugin/Content/Characters/Mannequins/Textures/Manny/T_Manny_02_D.uexp" 630
"D:/UnrealProjects/Multiplayer_Plugin/Content/Characters/Mannequins/Materials/Instances/Manny/MI_Manny_02.uasset" 631
"D:/UnrealProjects/Multiplayer_Plugin/Content/Characters/Mannequins/Materials/Instances/Manny/MI_Manny_02.uexp" 632
"D:/UnrealProjects/Multiplayer_Plugin/Content/Characters/Mannequins/Meshes/SKM_Manny.uasset" 633
"D:/UnrealProjects/Multiplayer_Plugin/Content/Characters/Mannequins/Meshes/SKM_Manny.uexp" 634
"D:/UnrealProjects/Multiplayer_Plugin/Content/Characters/Mannequins/Rigs/IK_Mannequin.uasset" 635
"D:/UnrealProjects/Multiplayer_Plugin/Content/Characters/Mannequins/Rigs/IK_Mannequin.uexp" 636
"D:/UnrealProjects/Multiplayer_Plugin/Content/Characters/Mannequin_UE4/Rigs/RTG_UE5Manny_UE4Manny.uasset" 637
"D:/UnrealProjects/Multiplayer_Plugin/Content/Characters/Mannequin_UE4/Rigs/RTG_UE5Manny_UE4Manny.uexp" 638
"D:/UnrealProjects/Multiplayer_Plugin/Content/Characters/Mannequin_UE4/Rigs/RTG_UE4Manny_UE5Manny.uasset" 639
"D:/UnrealProjects/Multiplayer_Plugin/Content/Characters/Mannequin_UE4/Rigs/RTG_UE4Manny_UE5Manny.uexp" 640
"D:/UnrealProjects/Multiplayer_Plugin/Content/Characters/Mannequin_UE4/Animations/Jog_Fwd.uasset" 641
"D:/UnrealProjects/Multiplayer_Plugin/Content/Characters/Mannequin_UE4/Animations/Jog_Fwd.uexp" 642
"D:/UnrealProjects/Multiplayer_Plugin/Content/Characters/Mannequins/Rigs/RTG_Mannequin.uasset" 643
"D:/UnrealProjects/Multiplayer_Plugin/Content/Characters/Mannequins/Rigs/RTG_Mannequin.uexp" 644
"D:/UnrealProjects/Multiplayer_Plugin/Content/Characters/Mannequins/Rigs/Poses/Quinn/Quinn_foot_l_anim.uasset" 645
"D:/UnrealProjects/Multiplayer_Plugin/Content/Characters/Mannequins/Rigs/Poses/Quinn/Quinn_foot_l_anim.uexp" 646
"D:/UnrealProjects/Multiplayer_Plugin/Content/Characters/Mannequins/Rigs/Poses/Quinn/Quinn_foot_l_pose.uasset" 647
"D:/UnrealProjects/Multiplayer_Plugin/Content/Characters/Mannequins/Rigs/Poses/Quinn/Quinn_foot_l_pose.uexp" 648
"D:/UnrealProjects/Multiplayer_Plugin/Content/Characters/Mannequins/Rigs/Poses/Quinn/Quinn_clavicle_l_anim.uasset" 649
"D:/UnrealProjects/Multiplayer_Plugin/Content/Characters/Mannequins/Rigs/Poses/Quinn/Quinn_clavicle_l_anim.uexp" 650
"D:/UnrealProjects/Multiplayer_Plugin/Content/Characters/Mannequins/Rigs/Poses/Quinn/Quinn_clavicle_l_pose.uasset" 651
"D:/UnrealProjects/Multiplayer_Plugin/Content/Characters/Mannequins/Rigs/Poses/Quinn/Quinn_clavicle_l_pose.uexp" 652
"D:/UnrealProjects/Multiplayer_Plugin/Content/Characters/Mannequins/Rigs/Poses/Quinn/Quinn_clavicle_r_anim.uasset" 653
"D:/UnrealProjects/Multiplayer_Plugin/Content/Characters/Mannequins/Rigs/Poses/Quinn/Quinn_clavicle_r_anim.uexp" 654
"D:/UnrealProjects/Multiplayer_Plugin/Content/Characters/Mannequins/Rigs/Poses/Quinn/Quinn_clavicle_r_pose.uasset" 655
"D:/UnrealProjects/Multiplayer_Plugin/Content/Characters/Mannequins/Rigs/Poses/Quinn/Quinn_clavicle_r_pose.uexp" 656
"D:/UnrealProjects/Multiplayer_Plugin/Content/Characters/Mannequins/Rigs/Poses/Quinn/Quinn_upperarm_l_anim.uasset" 657
"D:/UnrealProjects/Multiplayer_Plugin/Content/Characters/Mannequins/Rigs/Poses/Quinn/Quinn_upperarm_l_anim.uexp" 658
"D:/UnrealProjects/Multiplayer_Plugin/Content/Characters/Mannequins/Rigs/Poses/Quinn/Quinn_upperarm_l_pose.uasset" 659
"D:/UnrealProjects/Multiplayer_Plugin/Content/Characters/Mannequins/Rigs/Poses/Quinn/Quinn_upperarm_l_pose.uexp" 660
"D:/UnrealProjects/Multiplayer_Plugin/Content/Characters/Mannequins/Rigs/Poses/Quinn/Quinn_lowerarm_l_anim.uasset" 661
"D:/UnrealProjects/Multiplayer_Plugin/Content/Characters/Mannequins/Rigs/Poses/Quinn/Quinn_lowerarm_l_anim.uexp" 662
"D:/UnrealProjects/Multiplayer_Plugin/Content/Characters/Mannequins/Rigs/Poses/Quinn/Quinn_lowerarm_l_pose.uasset" 663
"D:/UnrealProjects/Multiplayer_Plugin/Content/Characters/Mannequins/Rigs/Poses/Quinn/Quinn_lowerarm_l_pose.uexp" 664
"D:/UnrealProjects/Multiplayer_Plugin/Content/Characters/Mannequins/Rigs/Poses/Quinn/Quinn_calf_l_anim.uasset" 665
"D:/UnrealProjects/Multiplayer_Plugin/Content/Characters/Mannequins/Rigs/Poses/Quinn/Quinn_calf_l_anim.uexp" 666
"D:/UnrealProjects/Multiplayer_Plugin/Content/Characters/Mannequins/Rigs/Poses/Quinn/Quinn_calf_l_pose.uasset" 667
"D:/UnrealProjects/Multiplayer_Plugin/Content/Characters/Mannequins/Rigs/Poses/Quinn/Quinn_calf_l_pose.uexp" 668
"D:/UnrealProjects/Multiplayer_Plugin/Content/Characters/Mannequins/Rigs/Poses/Quinn/Quinn_upperarm_r_anim.uasset" 669
"D:/UnrealProjects/Multiplayer_Plugin/Content/Characters/Mannequins/Rigs/Poses/Quinn/Quinn_upperarm_r_anim.uexp" 670
"D:/UnrealProjects/Multiplayer_Plugin/Content/Characters/Mannequins/Rigs/Poses/Quinn/Quinn_upperarm_r_pose.uasset" 671
"D:/UnrealProjects/Multiplayer_Plugin/Content/Characters/Mannequins/Rigs/Poses/Quinn/Quinn_upperarm_r_pose.uexp" 672
"D:/UnrealProjects/Multiplayer_Plugin/Content/Characters/Mannequins/Rigs/Poses/Quinn/Quinn_calf_r_anim.uasset" 673
"D:/UnrealProjects/Multiplayer_Plugin/Content/Characters/Mannequins/Rigs/Poses/Quinn/Quinn_calf_r_anim.uexp" 674
"D:/UnrealProjects/Multiplayer_Plugin/Content/Characters/Mannequins/Rigs/Poses/Quinn/Quinn_calf_r_pose.uasset" 675
"D:/UnrealProjects/Multiplayer_Plugin/Content/Characters/Mannequins/Rigs/Poses/Quinn/Quinn_calf_r_pose.uexp" 676
"D:/UnrealProjects/Multiplayer_Plugin/Content/Characters/Mannequins/Rigs/Poses/Quinn/Quinn_foot_r_anim.uasset" 677
"D:/UnrealProjects/Multiplayer_Plugin/Content/Characters/Mannequins/Rigs/Poses/Quinn/Quinn_foot_r_anim.uexp" 678
"D:/UnrealProjects/Multiplayer_Plugin/Content/Characters/Mannequins/Rigs/Poses/Quinn/Quinn_foot_r_pose.uasset" 679
"D:/UnrealProjects/Multiplayer_Plugin/Content/Characters/Mannequins/Rigs/Poses/Quinn/Quinn_foot_r_pose.uexp" 680
"D:/UnrealProjects/Multiplayer_Plugin/Content/Characters/Mannequins/Rigs/Poses/Quinn/Quinn_lowerarm_r_anim.uasset" 681
"D:/UnrealProjects/Multiplayer_Plugin/Content/Characters/Mannequins/Rigs/Poses/Quinn/Quinn_lowerarm_r_anim.uexp" 682
"D:/UnrealProjects/Multiplayer_Plugin/Content/Characters/Mannequins/Rigs/Poses/Quinn/Quinn_lowerarm_r_pose.uasset" 683
"D:/UnrealProjects/Multiplayer_Plugin/Content/Characters/Mannequins/Rigs/Poses/Quinn/Quinn_lowerarm_r_pose.uexp" 684
"D:/UnrealProjects/Multiplayer_Plugin/Content/Characters/Mannequins/Rigs/Poses/Quinn/Quinn_thigh_l_anim.uasset" 685
"D:/UnrealProjects/Multiplayer_Plugin/Content/Characters/Mannequins/Rigs/Poses/Quinn/Quinn_thigh_l_anim.uexp" 686
"D:/UnrealProjects/Multiplayer_Plugin/Content/Characters/Mannequins/Rigs/Poses/Quinn/Quinn_thigh_l_pose.uasset" 687
"D:/UnrealProjects/Multiplayer_Plugin/Content/Characters/Mannequins/Rigs/Poses/Quinn/Quinn_thigh_l_pose.uexp" 688
"D:/UnrealProjects/Multiplayer_Plugin/Content/Characters/Mannequins/Rigs/Poses/Quinn/Quinn_thigh_r_anim.uasset" 689
"D:/UnrealProjects/Multiplayer_Plugin/Content/Characters/Mannequins/Rigs/Poses/Quinn/Quinn_thigh_r_anim.uexp" 690
"D:/UnrealProjects/Multiplayer_Plugin/Content/Characters/Mannequins/Rigs/Poses/Quinn/Quinn_thigh_r_pose.uasset" 691
"D:/UnrealProjects/Multiplayer_Plugin/Content/Characters/Mannequins/Rigs/Poses/Quinn/Quinn_thigh_r_pose.uexp" 692
"D:/UnrealProjects/Multiplayer_Plugin/Content/Characters/Mannequins/Rigs/Poses/Quinn/Quinn_hand_l_anim.uasset" 693
"D:/UnrealProjects/Multiplayer_Plugin/Content/Characters/Mannequins/Rigs/Poses/Quinn/Quinn_hand_l_anim.uexp" 694
"D:/UnrealProjects/Multiplayer_Plugin/Content/Characters/Mannequins/Rigs/Poses/Quinn/Quinn_hand_l_pose.uasset" 695
"D:/UnrealProjects/Multiplayer_Plugin/Content/Characters/Mannequins/Rigs/Poses/Quinn/Quinn_hand_l_pose.uexp" 696
"D:/UnrealProjects/Multiplayer_Plugin/Content/Characters/Mannequins/Rigs/Poses/Quinn/Quinn_hand_r_anim.uasset" 697
"D:/UnrealProjects/Multiplayer_Plugin/Content/Characters/Mannequins/Rigs/Poses/Quinn/Quinn_hand_r_anim.uexp" 698
"D:/UnrealProjects/Multiplayer_Plugin/Content/Characters/Mannequins/Rigs/Poses/Quinn/Quinn_hand_r_pose.uasset" 699
"D:/UnrealProjects/Multiplayer_Plugin/Content/Characters/Mannequins/Rigs/Poses/Quinn/Quinn_hand_r_pose.uexp" 700
"D:/UnrealProjects/Multiplayer_Plugin/Content/Characters/Mannequins/Rigs/ABP_Quinn_PostProcess.uasset" 701
"D:/UnrealProjects/Multiplayer_Plugin/Content/Characters/Mannequins/Rigs/ABP_Quinn_PostProcess.uexp" 702
"D:/UnrealProjects/Multiplayer_Plugin/Content/Characters/Mannequins/Meshes/SKM_Quinn.uasset" 703
"D:/UnrealProjects/Multiplayer_Plugin/Content/Characters/Mannequins/Meshes/SKM_Quinn.uexp" 704
"D:/UnrealProjects/Multiplayer_Plugin/Content/Characters/Mannequins/Meshes/SKM_Manny_Simple.uasset" 705
"D:/UnrealProjects/Multiplayer_Plugin/Content/Characters/Mannequins/Meshes/SKM_Manny_Simple.uexp" 706
"D:/UnrealProjects/Multiplayer_Plugin/Content/Characters/Mannequins/Meshes/Mannequin_LODSettings.uasset" 707
"D:/UnrealProjects/Multiplayer_Plugin/Content/Characters/Mannequins/Meshes/Mannequin_LODSettings.uexp" 708
"../../../Engine/Content/MobileResources/HUD/VirtualJoystick_Background.uasset" 709
"../../../Engine/Content/MobileResources/HUD/VirtualJoystick_Background.uexp" 710
"../../../Engine/Content/MobileResources/HUD/VirtualJoystick_Thumb.uasset" 711
"../../../Engine/Content/MobileResources/HUD/VirtualJoystick_Thumb.uexp" 712
"../../../Engine/Content/MobileResources/HUD/DefaultVirtualJoysticks.uasset" 713
"../../../Engine/Content/MobileResources/HUD/DefaultVirtualJoysticks.uexp" 714
"../../../Engine/Content/Tutorial/ContentIntroCurve.uasset" 715
"../../../Engine/Content/Tutorial/ContentIntroCurve.uexp" 716
"../../../Engine/Content/VREditor/TransformGizmo/Main.uasset" 717
"../../../Engine/Content/VREditor/TransformGizmo/Main.uexp" 718
"../../../Engine/Content/VREditor/TransformGizmo/Xray.uasset" 719
"../../../Engine/Content/VREditor/TransformGizmo/Xray.uexp" 720
"../../../Engine/Content/VREditor/TransformGizmo/SM_Sequencer_Node.ubulk" 721
"../../../Engine/Content/VREditor/TransformGizmo/SM_Sequencer_Node.uasset" 722
"../../../Engine/Content/VREditor/TransformGizmo/SM_Sequencer_Node.uexp" 723
"../../../Engine/Content/VREditor/LaserPointer/VR_LaserPower_01.ubulk" 724
"../../../Engine/Content/VREditor/LaserPointer/VR_LaserPower_01.uasset" 725
"../../../Engine/Content/VREditor/LaserPointer/VR_LaserPower_01.uexp" 726
"../../../Engine/Content/VREditor/TransformGizmo/TransformGizmoMaterial.uasset" 727
"../../../Engine/Content/VREditor/TransformGizmo/TransformGizmoMaterial.uexp" 728
"../../../Engine/Content/VREditor/TransformGizmo/TranslucentTransformGizmoMaterial.uasset" 729
"../../../Engine/Content/VREditor/TransformGizmo/TranslucentTransformGizmoMaterial.uexp" 730
"../../../Engine/Content/VREditor/TransformGizmo/PlaneTranslationHandle.ubulk" 731
"../../../Engine/Content/VREditor/TransformGizmo/PlaneTranslationHandle.uasset" 732
"../../../Engine/Content/VREditor/TransformGizmo/PlaneTranslationHandle.uexp" 733
"../../../Engine/Content/VREditor/TransformGizmo/BoundingBoxEdge.ubulk" 734
"../../../Engine/Content/VREditor/TransformGizmo/BoundingBoxEdge.uasset" 735
"../../../Engine/Content/VREditor/TransformGizmo/BoundingBoxEdge.uexp" 736
"../../../Engine/Content/VREditor/TransformGizmo/BoundingBoxCorner.ubulk" 737
"../../../Engine/Content/VREditor/TransformGizmo/BoundingBoxCorner.uasset" 738
"../../../Engine/Content/VREditor/TransformGizmo/BoundingBoxCorner.uexp" 739
"../../../Engine/Plugins/2D/Paper2D/Content/PlaceholderTextures/DummySpriteTexture.ubulk" 740
"../../../Engine/Plugins/2D/Paper2D/Content/PlaceholderTextures/DummySpriteTexture.uasset" 741
"../../../Engine/Plugins/2D/Paper2D/Content/PlaceholderTextures/DummySpriteTexture.uexp" 742
"../../../Engine/Plugins/2D/Paper2D/Content/DefaultSpriteMaterial.uasset" 743
"../../../Engine/Plugins/2D/Paper2D/Content/DefaultSpriteMaterial.uexp" 744
"../../../Engine/Plugins/2D/Paper2D/Content/OpaqueUnlitSpriteMaterial.uasset" 745
"../../../Engine/Plugins/2D/Paper2D/Content/OpaqueUnlitSpriteMaterial.uexp" 746
"../../../Engine/Plugins/2D/Paper2D/Content/MaskedUnlitSpriteMaterial.uasset" 747
"../../../Engine/Plugins/2D/Paper2D/Content/MaskedUnlitSpriteMaterial.uexp" 748
"../../../Engine/Plugins/2D/Paper2D/Content/DummySprite.uasset" 749
"../../../Engine/Plugins/2D/Paper2D/Content/DummySprite.uexp" 750
"../../../Engine/Plugins/2D/Paper2D/Content/DefaultPaperTerrainMaterial.uasset" 751
"../../../Engine/Plugins/2D/Paper2D/Content/DefaultPaperTerrainMaterial.uexp" 752
"../../../Engine/Plugins/Animation/ControlRig/Content/M_Manip.uasset" 753
"../../../Engine/Plugins/Animation/ControlRig/Content/M_Manip.uexp" 754
"../../../Engine/Plugins/Animation/ControlRig/Content/Controls/ControlRig_Wedge_solid.ubulk" 755
"../../../Engine/Plugins/Animation/ControlRig/Content/Controls/ControlRig_Wedge_solid.uasset" 756
"../../../Engine/Plugins/Animation/ControlRig/Content/Controls/ControlRig_Wedge_solid.uexp" 757
"../../../Engine/Plugins/Animation/ControlRig/Content/Controls/ControlRig_Wedge_3mm.ubulk" 758
"../../../Engine/Plugins/Animation/ControlRig/Content/Controls/ControlRig_Wedge_3mm.uasset" 759
"../../../Engine/Plugins/Animation/ControlRig/Content/Controls/ControlRig_Wedge_3mm.uexp" 760
"../../../Engine/Plugins/Animation/ControlRig/Content/Controls/ControlRig_Wedge_1mm.ubulk" 761
"../../../Engine/Plugins/Animation/ControlRig/Content/Controls/ControlRig_Wedge_1mm.uasset" 762
"../../../Engine/Plugins/Animation/ControlRig/Content/Controls/ControlRig_Wedge_1mm.uexp" 763
"../../../Engine/Plugins/Animation/ControlRig/Content/Controls/ControlRig_Triangle_solid.ubulk" 764
"../../../Engine/Plugins/Animation/ControlRig/Content/Controls/ControlRig_Triangle_solid.uasset" 765
"../../../Engine/Plugins/Animation/ControlRig/Content/Controls/ControlRig_Triangle_solid.uexp" 766
"../../../Engine/Plugins/Animation/ControlRig/Content/Controls/ControlRig_Triangle_3mm.ubulk" 767
"../../../Engine/Plugins/Animation/ControlRig/Content/Controls/ControlRig_Triangle_3mm.uasset" 768
"../../../Engine/Plugins/Animation/ControlRig/Content/Controls/ControlRig_Triangle_3mm.uexp" 769
"../../../Engine/Plugins/Animation/ControlRig/Content/Controls/ControlRig_Triangle_1mm.ubulk" 770
"../../../Engine/Plugins/Animation/ControlRig/Content/Controls/ControlRig_Triangle_1mm.uasset" 771
"../../../Engine/Plugins/Animation/ControlRig/Content/Controls/ControlRig_Triangle_1mm.uexp" 772
"../../../Engine/Plugins/Animation/ControlRig/Content/Controls/ControlRig_Star4_solid.ubulk" 773
"../../../Engine/Plugins/Animation/ControlRig/Content/Controls/ControlRig_Star4_solid.uasset" 774
"../../../Engine/Plugins/Animation/ControlRig/Content/Controls/ControlRig_Star4_solid.uexp" 775
"../../../Engine/Plugins/Animation/ControlRig/Content/Controls/ControlRig_Star4_3mm.ubulk" 776
"../../../Engine/Plugins/Animation/ControlRig/Content/Controls/ControlRig_Star4_3mm.uasset" 777
"../../../Engine/Plugins/Animation/ControlRig/Content/Controls/ControlRig_Star4_3mm.uexp" 778
"../../../Engine/Plugins/Animation/ControlRig/Content/Controls/ControlRig_Star4_1mm.ubulk" 779
"../../../Engine/Plugins/Animation/ControlRig/Content/Controls/ControlRig_Star4_1mm.uasset" 780
"../../../Engine/Plugins/Animation/ControlRig/Content/Controls/ControlRig_Star4_1mm.uexp" 781
"../../../Engine/Plugins/Animation/ControlRig/Content/Controls/ControlRig_Square_solid.ubulk" 782
"../../../Engine/Plugins/Animation/ControlRig/Content/Controls/ControlRig_Square_solid.uasset" 783
"../../../Engine/Plugins/Animation/ControlRig/Content/Controls/ControlRig_Square_solid.uexp" 784
"../../../Engine/Plugins/Animation/ControlRig/Content/Controls/ControlRig_Square_3mm.ubulk" 785
"../../../Engine/Plugins/Animation/ControlRig/Content/Controls/ControlRig_Square_3mm.uasset" 786
"../../../Engine/Plugins/Animation/ControlRig/Content/Controls/ControlRig_Square_3mm.uexp" 787
"../../../Engine/Plugins/Animation/ControlRig/Content/Controls/ControlRig_Square_1mm.ubulk" 788
"../../../Engine/Plugins/Animation/ControlRig/Content/Controls/ControlRig_Square_1mm.uasset" 789
"../../../Engine/Plugins/Animation/ControlRig/Content/Controls/ControlRig_Square_1mm.uexp" 790
"../../../Engine/Plugins/Animation/ControlRig/Content/Controls/ControlRig_Sphere_solid.ubulk" 791
"../../../Engine/Plugins/Animation/ControlRig/Content/Controls/ControlRig_Sphere_solid.uasset" 792
"../../../Engine/Plugins/Animation/ControlRig/Content/Controls/ControlRig_Sphere_solid.uexp" 793
"../../../Engine/Plugins/Animation/ControlRig/Content/Controls/ControlRig_Sphere_3mm.ubulk" 794
"../../../Engine/Plugins/Animation/ControlRig/Content/Controls/ControlRig_Sphere_3mm.uasset" 795
"../../../Engine/Plugins/Animation/ControlRig/Content/Controls/ControlRig_Sphere_3mm.uexp" 796
"../../../Engine/Plugins/Animation/ControlRig/Content/Controls/ControlRig_Sphere_1mm.ubulk" 797
"../../../Engine/Plugins/Animation/ControlRig/Content/Controls/ControlRig_Sphere_1mm.uasset" 798
"../../../Engine/Plugins/Animation/ControlRig/Content/Controls/ControlRig_Sphere_1mm.uexp" 799
"../../../Engine/Plugins/Animation/ControlRig/Content/Controls/ControlRig_RoundedTriangle_solid.ubulk" 800
"../../../Engine/Plugins/Animation/ControlRig/Content/Controls/ControlRig_RoundedTriangle_solid.uasset" 801
"../../../Engine/Plugins/Animation/ControlRig/Content/Controls/ControlRig_RoundedTriangle_solid.uexp" 802
"../../../Engine/Plugins/Animation/ControlRig/Content/Controls/ControlRig_RoundedTriangle_3mm.ubulk" 803
"../../../Engine/Plugins/Animation/ControlRig/Content/Controls/ControlRig_RoundedTriangle_3mm.uasset" 804
"../../../Engine/Plugins/Animation/ControlRig/Content/Controls/ControlRig_RoundedTriangle_3mm.uexp" 805
"../../../Engine/Plugins/Animation/ControlRig/Content/Controls/ControlRig_RoundedTriangle_1mm.ubulk" 806
"../../../Engine/Plugins/Animation/ControlRig/Content/Controls/ControlRig_RoundedTriangle_1mm.uasset" 807
"../../../Engine/Plugins/Animation/ControlRig/Content/Controls/ControlRig_RoundedTriangle_1mm.uexp" 808
"../../../Engine/Plugins/Animation/ControlRig/Content/Controls/ControlRig_RoundedSquare_solid.ubulk" 809
"../../../Engine/Plugins/Animation/ControlRig/Content/Controls/ControlRig_RoundedSquare_solid.uasset" 810
"../../../Engine/Plugins/Animation/ControlRig/Content/Controls/ControlRig_RoundedSquare_solid.uexp" 811
"../../../Engine/Plugins/Animation/ControlRig/Content/Controls/ControlRig_RoundedSquare_3mm.ubulk" 812
"../../../Engine/Plugins/Animation/ControlRig/Content/Controls/ControlRig_RoundedSquare_3mm.uasset" 813
"../../../Engine/Plugins/Animation/ControlRig/Content/Controls/ControlRig_RoundedSquare_3mm.uexp" 814
"../../../Engine/Plugins/Animation/ControlRig/Content/Controls/ControlRig_RoundedSquare_1mm.ubulk" 815
"../../../Engine/Plugins/Animation/ControlRig/Content/Controls/ControlRig_RoundedSquare_1mm.uasset" 816
"../../../Engine/Plugins/Animation/ControlRig/Content/Controls/ControlRig_RoundedSquare_1mm.uexp" 817
"../../../Engine/Plugins/Animation/ControlRig/Content/Controls/ControlRig_QuarterCircle_solid.ubulk" 818
"../../../Engine/Plugins/Animation/ControlRig/Content/Controls/ControlRig_QuarterCircle_solid.uasset" 819
"../../../Engine/Plugins/Animation/ControlRig/Content/Controls/ControlRig_QuarterCircle_solid.uexp" 820
"../../../Engine/Plugins/Animation/ControlRig/Content/Controls/ControlRig_QuarterCircle_3mm.ubulk" 821
"../../../Engine/Plugins/Animation/ControlRig/Content/Controls/ControlRig_QuarterCircle_3mm.uasset" 822
"../../../Engine/Plugins/Animation/ControlRig/Content/Controls/ControlRig_QuarterCircle_3mm.uexp" 823
"../../../Engine/Plugins/Animation/ControlRig/Content/Controls/ControlRig_QuarterCircle_1mm.ubulk" 824
"../../../Engine/Plugins/Animation/ControlRig/Content/Controls/ControlRig_QuarterCircle_1mm.uasset" 825
"../../../Engine/Plugins/Animation/ControlRig/Content/Controls/ControlRig_QuarterCircle_1mm.uexp" 826
"../../../Engine/Plugins/Animation/ControlRig/Content/Controls/ControlRig_Pyramid_solid.ubulk" 827
"../../../Engine/Plugins/Animation/ControlRig/Content/Controls/ControlRig_Pyramid_solid.uasset" 828
"../../../Engine/Plugins/Animation/ControlRig/Content/Controls/ControlRig_Pyramid_solid.uexp" 829
"../../../Engine/Plugins/Animation/ControlRig/Content/Controls/ControlRig_Pyramid_3mm.ubulk" 830
"../../../Engine/Plugins/Animation/ControlRig/Content/Controls/ControlRig_Pyramid_3mm.uasset" 831
"../../../Engine/Plugins/Animation/ControlRig/Content/Controls/ControlRig_Pyramid_3mm.uexp" 832
"../../../Engine/Plugins/Animation/ControlRig/Content/Controls/ControlRig_Pyramid_1mm.ubulk" 833
"../../../Engine/Plugins/Animation/ControlRig/Content/Controls/ControlRig_Pyramid_1mm.uasset" 834
"../../../Engine/Plugins/Animation/ControlRig/Content/Controls/ControlRig_Pyramid_1mm.uexp" 835
"../../../Engine/Plugins/Animation/ControlRig/Content/Controls/ControlRig_Octagon_solid.ubulk" 836
"../../../Engine/Plugins/Animation/ControlRig/Content/Controls/ControlRig_Octagon_solid.uasset" 837
"../../../Engine/Plugins/Animation/ControlRig/Content/Controls/ControlRig_Octagon_solid.uexp" 838
"../../../Engine/Plugins/Animation/ControlRig/Content/Controls/ControlRig_Octagon_3mm.ubulk" 839
"../../../Engine/Plugins/Animation/ControlRig/Content/Controls/ControlRig_Octagon_3mm.uasset" 840
"../../../Engine/Plugins/Animation/ControlRig/Content/Controls/ControlRig_Octagon_3mm.uexp" 841
"../../../Engine/Plugins/Animation/ControlRig/Content/Controls/ControlRig_Octagon_1mm.ubulk" 842
"../../../Engine/Plugins/Animation/ControlRig/Content/Controls/ControlRig_Octagon_1mm.uasset" 843
"../../../Engine/Plugins/Animation/ControlRig/Content/Controls/ControlRig_Octagon_1mm.uexp" 844
"../../../Engine/Plugins/Animation/ControlRig/Content/Controls/ControlRig_Hexagon_solid.ubulk" 845
"../../../Engine/Plugins/Animation/ControlRig/Content/Controls/ControlRig_Hexagon_solid.uasset" 846
"../../../Engine/Plugins/Animation/ControlRig/Content/Controls/ControlRig_Hexagon_solid.uexp" 847
"../../../Engine/Plugins/Animation/ControlRig/Content/Controls/ControlRig_Hexagon_3mm.ubulk" 848
"../../../Engine/Plugins/Animation/ControlRig/Content/Controls/ControlRig_Hexagon_3mm.uasset" 849
"../../../Engine/Plugins/Animation/ControlRig/Content/Controls/ControlRig_Hexagon_3mm.uexp" 850
"../../../Engine/Plugins/Animation/ControlRig/Content/Controls/ControlRig_Hexagon_1mm.ubulk" 851
"../../../Engine/Plugins/Animation/ControlRig/Content/Controls/ControlRig_Hexagon_1mm.uasset" 852
"../../../Engine/Plugins/Animation/ControlRig/Content/Controls/ControlRig_Hexagon_1mm.uexp" 853
"../../../Engine/Plugins/Animation/ControlRig/Content/Controls/ControlRig_HalfCircle_solid.ubulk" 854
"../../../Engine/Plugins/Animation/ControlRig/Content/Controls/ControlRig_HalfCircle_solid.uasset" 855
"../../../Engine/Plugins/Animation/ControlRig/Content/Controls/ControlRig_HalfCircle_solid.uexp" 856
"../../../Engine/Plugins/Animation/ControlRig/Content/Controls/ControlRig_HalfCircle_3mm.ubulk" 857
"../../../Engine/Plugins/Animation/ControlRig/Content/Controls/ControlRig_HalfCircle_3mm.uasset" 858
"../../../Engine/Plugins/Animation/ControlRig/Content/Controls/ControlRig_HalfCircle_3mm.uexp" 859
"../../../Engine/Plugins/Animation/ControlRig/Content/Controls/ControlRig_HalfCircle_1mm.ubulk" 860
"../../../Engine/Plugins/Animation/ControlRig/Content/Controls/ControlRig_HalfCircle_1mm.uasset" 861
"../../../Engine/Plugins/Animation/ControlRig/Content/Controls/ControlRig_HalfCircle_1mm.uexp" 862
"../../../Engine/Plugins/Animation/ControlRig/Content/Controls/ControlRig_Diamond_solid.ubulk" 863
"../../../Engine/Plugins/Animation/ControlRig/Content/Controls/ControlRig_Diamond_solid.uasset" 864
"../../../Engine/Plugins/Animation/ControlRig/Content/Controls/ControlRig_Diamond_solid.uexp" 865
"../../../Engine/Plugins/Animation/ControlRig/Content/Controls/ControlRig_Diamond_3mm.ubulk" 866
"../../../Engine/Plugins/Animation/ControlRig/Content/Controls/ControlRig_Diamond_3mm.uasset" 867
"../../../Engine/Plugins/Animation/ControlRig/Content/Controls/ControlRig_Diamond_3mm.uexp" 868
"../../../Engine/Plugins/Animation/ControlRig/Content/Controls/ControlRig_Diamond_1mm.ubulk" 869
"../../../Engine/Plugins/Animation/ControlRig/Content/Controls/ControlRig_Diamond_1mm.uasset" 870
"../../../Engine/Plugins/Animation/ControlRig/Content/Controls/ControlRig_Diamond_1mm.uexp" 871
"../../../Engine/Plugins/Animation/ControlRig/Content/Controls/ControlRig_Circle_solid.ubulk" 872
"../../../Engine/Plugins/Animation/ControlRig/Content/Controls/ControlRig_Circle_solid.uasset" 873
"../../../Engine/Plugins/Animation/ControlRig/Content/Controls/ControlRig_Circle_solid.uexp" 874
"../../../Engine/Plugins/Animation/ControlRig/Content/Controls/ControlRig_Circle_3mm.ubulk" 875
"../../../Engine/Plugins/Animation/ControlRig/Content/Controls/ControlRig_Circle_3mm.uasset" 876
"../../../Engine/Plugins/Animation/ControlRig/Content/Controls/ControlRig_Circle_3mm.uexp" 877
"../../../Engine/Plugins/Animation/ControlRig/Content/Controls/ControlRig_Circle_1mm.ubulk" 878
"../../../Engine/Plugins/Animation/ControlRig/Content/Controls/ControlRig_Circle_1mm.uasset" 879
"../../../Engine/Plugins/Animation/ControlRig/Content/Controls/ControlRig_Circle_1mm.uexp" 880
"../../../Engine/Plugins/Animation/ControlRig/Content/Controls/ControlRig_Box_solid.ubulk" 881
"../../../Engine/Plugins/Animation/ControlRig/Content/Controls/ControlRig_Box_solid.uasset" 882
"../../../Engine/Plugins/Animation/ControlRig/Content/Controls/ControlRig_Box_solid.uexp" 883
"../../../Engine/Plugins/Animation/ControlRig/Content/Controls/ControlRig_Box_3mm.ubulk" 884
"../../../Engine/Plugins/Animation/ControlRig/Content/Controls/ControlRig_Box_3mm.uasset" 885
"../../../Engine/Plugins/Animation/ControlRig/Content/Controls/ControlRig_Box_3mm.uexp" 886
"../../../Engine/Plugins/Animation/ControlRig/Content/Controls/ControlRig_Box_1mm.ubulk" 887
"../../../Engine/Plugins/Animation/ControlRig/Content/Controls/ControlRig_Box_1mm.uasset" 888
"../../../Engine/Plugins/Animation/ControlRig/Content/Controls/ControlRig_Box_1mm.uexp" 889
"../../../Engine/Plugins/Animation/ControlRig/Content/Controls/ControlRig_Arrow_solid.ubulk" 890
"../../../Engine/Plugins/Animation/ControlRig/Content/Controls/ControlRig_Arrow_solid.uasset" 891
"../../../Engine/Plugins/Animation/ControlRig/Content/Controls/ControlRig_Arrow_solid.uexp" 892
"../../../Engine/Plugins/Animation/ControlRig/Content/Controls/ControlRig_Arrow_3mm.ubulk" 893
"../../../Engine/Plugins/Animation/ControlRig/Content/Controls/ControlRig_Arrow_3mm.uasset" 894
"../../../Engine/Plugins/Animation/ControlRig/Content/Controls/ControlRig_Arrow_3mm.uexp" 895
"../../../Engine/Plugins/Animation/ControlRig/Content/Controls/ControlRig_Arrow_1mm.ubulk" 896
"../../../Engine/Plugins/Animation/ControlRig/Content/Controls/ControlRig_Arrow_1mm.uasset" 897
"../../../Engine/Plugins/Animation/ControlRig/Content/Controls/ControlRig_Arrow_1mm.uexp" 898
"../../../Engine/Plugins/Animation/ControlRig/Content/Controls/ControlRig_Arrow4_solid.ubulk" 899
"../../../Engine/Plugins/Animation/ControlRig/Content/Controls/ControlRig_Arrow4_solid.uasset" 900
"../../../Engine/Plugins/Animation/ControlRig/Content/Controls/ControlRig_Arrow4_solid.uexp" 901
"../../../Engine/Plugins/Animation/ControlRig/Content/Controls/ControlRig_Arrow4_3mm.ubulk" 902
"../../../Engine/Plugins/Animation/ControlRig/Content/Controls/ControlRig_Arrow4_3mm.uasset" 903
"../../../Engine/Plugins/Animation/ControlRig/Content/Controls/ControlRig_Arrow4_3mm.uexp" 904
"../../../Engine/Plugins/Animation/ControlRig/Content/Controls/ControlRig_Arrow4_1mm.ubulk" 905
"../../../Engine/Plugins/Animation/ControlRig/Content/Controls/ControlRig_Arrow4_1mm.uasset" 906
"../../../Engine/Plugins/Animation/ControlRig/Content/Controls/ControlRig_Arrow4_1mm.uexp" 907
"../../../Engine/Plugins/Animation/ControlRig/Content/Controls/ControlRig_Arrow2_solid.ubulk" 908
"../../../Engine/Plugins/Animation/ControlRig/Content/Controls/ControlRig_Arrow2_solid.uasset" 909
"../../../Engine/Plugins/Animation/ControlRig/Content/Controls/ControlRig_Arrow2_solid.uexp" 910
"../../../Engine/Plugins/Animation/ControlRig/Content/Controls/ControlRig_Arrow2_3mm.ubulk" 911
"../../../Engine/Plugins/Animation/ControlRig/Content/Controls/ControlRig_Arrow2_3mm.uasset" 912
"../../../Engine/Plugins/Animation/ControlRig/Content/Controls/ControlRig_Arrow2_3mm.uexp" 913
"../../../Engine/Plugins/Animation/ControlRig/Content/Controls/ControlRig_Arrow2_1mm.ubulk" 914
"../../../Engine/Plugins/Animation/ControlRig/Content/Controls/ControlRig_Arrow2_1mm.uasset" 915
"../../../Engine/Plugins/Animation/ControlRig/Content/Controls/ControlRig_Arrow2_1mm.uexp" 916
"../../../Engine/Plugins/Animation/ControlRig/Content/Controls/ControlRigGizmoMaterial.uasset" 917
"../../../Engine/Plugins/Animation/ControlRig/Content/Controls/ControlRigGizmoMaterial.uexp" 918
"../../../Engine/Plugins/Editor/SpeedTreeImporter/Content/SpeedTree9/game_wind_noise.ubulk" 919
"../../../Engine/Plugins/Editor/SpeedTreeImporter/Content/SpeedTree9/game_wind_noise.uasset" 920
"../../../Engine/Plugins/Editor/SpeedTreeImporter/Content/SpeedTree9/game_wind_noise.uexp" 921
"../../../Engine/Plugins/Editor/SpeedTreeImporter/Content/SpeedTree9/UnpackDirection.uasset" 922
"../../../Engine/Plugins/Editor/SpeedTreeImporter/Content/SpeedTree9/UnpackDirection.uexp" 923
"../../../Engine/Content/Functions/Engine_MaterialFunctions02/ObjectLocalBounds.uasset" 924
"../../../Engine/Content/Functions/Engine_MaterialFunctions02/ObjectLocalBounds.uexp" 925
"../../../Engine/Content/Functions/Engine_MaterialFunctions02/UVs/BoundingBoxBased_0-1_UVW.uasset" 926
"../../../Engine/Content/Functions/Engine_MaterialFunctions02/UVs/BoundingBoxBased_0-1_UVW.uexp" 927
"../../../Engine/Content/Functions/Engine_MaterialFunctions02/Utility/VectorLength.uasset" 928
"../../../Engine/Content/Functions/Engine_MaterialFunctions02/Utility/VectorLength.uexp" 929
"../../../Engine/Plugins/Editor/SpeedTreeImporter/Content/SpeedTree9/UnpackInteger3.uasset" 930
"../../../Engine/Plugins/Editor/SpeedTreeImporter/Content/SpeedTree9/UnpackInteger3.uexp" 931
"../../../Engine/Plugins/Editor/SpeedTreeImporter/Content/SpeedTree9/SpeedTreeCameraFacing.uasset" 932
"../../../Engine/Plugins/Editor/SpeedTreeImporter/Content/SpeedTree9/SpeedTreeCameraFacing.uexp" 933
"../../../Engine/Content/Functions/Engine_MaterialFunctions02/WorldPositionOffset/ObjectScale.uasset" 934
"../../../Engine/Content/Functions/Engine_MaterialFunctions02/WorldPositionOffset/ObjectScale.uexp" 935
"../../../Engine/Content/Functions/Engine_MaterialFunctions02/SafeNormalize.uasset" 936
"../../../Engine/Content/Functions/Engine_MaterialFunctions02/SafeNormalize.uexp" 937
"../../../Engine/Plugins/Editor/SpeedTreeImporter/Content/SpeedTree9/SpeedTreeWindMotion.uasset" 938
"../../../Engine/Plugins/Editor/SpeedTreeImporter/Content/SpeedTree9/SpeedTreeWindMotion.uexp" 939
"../../../Engine/Plugins/Editor/SpeedTreeImporter/Content/SpeedTree9/SpeedTreeBranchMotion.uasset" 940
"../../../Engine/Plugins/Editor/SpeedTreeImporter/Content/SpeedTree9/SpeedTreeBranchMotion.uexp" 941
"../../../Engine/Plugins/Editor/SpeedTreeImporter/Content/SpeedTree9/SpeedTreeWind.uasset" 942
"../../../Engine/Plugins/Editor/SpeedTreeImporter/Content/SpeedTree9/SpeedTreeWind.uexp" 943
"../../../Engine/Plugins/Editor/SpeedTreeImporter/Content/SpeedTree9/EmptyNormal.uasset" 944
"../../../Engine/Plugins/Editor/SpeedTreeImporter/Content/SpeedTree9/EmptyNormal.uexp" 945
"../../../Engine/Plugins/Editor/SpeedTreeImporter/Content/SpeedTree9/Empty.uasset" 946
"../../../Engine/Plugins/Editor/SpeedTreeImporter/Content/SpeedTree9/Empty.uexp" 947
"../../../Engine/Plugins/Editor/SpeedTreeImporter/Content/SpeedTree9/SpeedTreeMaster.uasset" 948
"../../../Engine/Plugins/Editor/SpeedTreeImporter/Content/SpeedTree9/SpeedTreeMaster.uexp" 949
"../../../Engine/Plugins/Editor/SpeedTreeImporter/Content/SpeedTree9/SpeedTreeBillboard.uasset" 950
"../../../Engine/Plugins/Editor/SpeedTreeImporter/Content/SpeedTree9/SpeedTreeBillboard.uexp" 951
"../../../Engine/Plugins/Editor/SpeedTreeImporter/Content/SpeedTree9/SpeedTreeBillboardMaster.uasset" 952
"../../../Engine/Plugins/Editor/SpeedTreeImporter/Content/SpeedTree9/SpeedTreeBillboardMaster.uexp" 953
"../../../Engine/Plugins/Runtime/HairStrands/Content/Materials/HairMeshesDefaultMaterial.uasset" 954
"../../../Engine/Plugins/Runtime/HairStrands/Content/Materials/HairMeshesDefaultMaterial.uexp" 955
"../../../Engine/Plugins/Runtime/HairStrands/Content/Materials/HairDefaultMaterial.uasset" 956
"../../../Engine/Plugins/Runtime/HairStrands/Content/Materials/HairDefaultMaterial.uexp" 957
"../../../Engine/Plugins/Runtime/HairStrands/Content/Materials/HairGroupColors.uasset" 958
"../../../Engine/Plugins/Runtime/HairStrands/Content/Materials/HairGroupColors.uexp" 959
"../../../Engine/Content/EngineMaterials/HairColorMap.uasset" 960
"../../../Engine/Content/EngineMaterials/HairColorMap.uexp" 961
"../../../Engine/Content/EngineMaterials/HairDebugColor.uasset" 962
"../../../Engine/Content/EngineMaterials/HairDebugColor.uexp" 963
"../../../Engine/Plugins/Runtime/HairStrands/Content/Materials/HairDebugMaterial.uasset" 964
"../../../Engine/Plugins/Runtime/HairStrands/Content/Materials/HairDebugMaterial.uexp" 965
"../../../Engine/Plugins/Runtime/HairStrands/Content/Materials/HairCardsDefaultMaterial.uasset" 966
"../../../Engine/Plugins/Runtime/HairStrands/Content/Materials/HairCardsDefaultMaterial.uexp" 967
"../../../Engine/Plugins/Animation/ControlRig/Content/Controls/DefaultGizmoLibraryNormalized.uasset" 968
"../../../Engine/Plugins/Animation/ControlRig/Content/Controls/DefaultGizmoLibraryNormalized.uexp" 969
"D:/UnrealProjects/Multiplayer_Plugin/Content/Characters/Mannequins/Rigs/CR_Mannequin_Body.uasset" 970
"D:/UnrealProjects/Multiplayer_Plugin/Content/Characters/Mannequins/Rigs/CR_Mannequin_Body.uexp" 971
"../../../Engine/Content/Maps/Templates/HLODs/HLODLayer_Instanced.uasset" 972
"../../../Engine/Content/Maps/Templates/HLODs/HLODLayer_Instanced.uexp" 973
"D:/UnrealProjects/Multiplayer_Plugin/Content/ThirdPerson/Maps/ThirdPersonMap.uexp" 974
"D:/UnrealProjects/Multiplayer_Plugin/Content/ThirdPerson/Maps/ThirdPersonMap.umap" 975
"../../../Engine/Content/Maps/Entry_BuiltData.uasset" 976
"../../../Engine/Content/Maps/Entry_BuiltData.uexp" 977
"../../../Engine/Content/Maps/Entry.uexp" 978
"../../../Engine/Content/Maps/Entry.umap" 979
